Log file open, 10/10/20 18:59:17
LogInit: Display: Running engine for game: NaturalSelection
LogPlatformFile: Not using cached read wrapper
LogTaskGraph: Started task graph with 5 named threads and 47 total threads with 3 sets of task threads.
LogStats: Stats thread started at 0.307437
LogD3D11RHI: Loaded GFSDK_Aftermath_Lib.x64.dll
LogICUInternationalization: ICU TimeZone Detection - Raw Offset: -7:00, Platform Override: ''
LogPluginManager: Mounting plugin Paper2D
LogPluginManager: Mounting plugin AISupport
LogPluginManager: Mounting plugin LightPropagationVolume
LogPluginManager: Mounting plugin CameraShakePreviewer
LogPluginManager: Mounting plugin ActorLayerUtilities
LogPluginManager: Mounting plugin AnimationSharing
LogPluginManager: Mounting plugin CLionSourceCodeAccess
LogPluginManager: Mounting plugin CodeLiteSourceCodeAccess
LogPluginManager: Mounting plugin GitSourceControl
LogPluginManager: Mounting plugin KDevelopSourceCodeAccess
LogPluginManager: Mounting plugin NullSourceCodeAccess
LogPluginManager: Mounting plugin PerforceSourceControl
LogPluginManager: Mounting plugin PlasticSourceControl
LogPluginManager: Mounting plugin RiderSourceCodeAccess
LogPluginManager: Mounting plugin SubversionSourceControl
LogPluginManager: Mounting plugin UObjectPlugin
LogPluginManager: Mounting plugin VisualStudioCodeSourceCodeAccess
LogPluginManager: Mounting plugin VisualStudioSourceCodeAccess
LogPluginManager: Mounting plugin XCodeSourceCodeAccess
LogPluginManager: Mounting plugin AssetManagerEditor
LogPluginManager: Mounting plugin CryptoKeys
LogPluginManager: Mounting plugin CurveEditorTools
LogPluginManager: Mounting plugin DataValidation
LogPluginManager: Mounting plugin EditorScriptingUtilities
LogPluginManager: Mounting plugin FacialAnimation
LogPluginManager: Mounting plugin GameplayTagsEditor
LogPluginManager: Mounting plugin GeometryMode
LogPluginManager: Mounting plugin MacGraphicsSwitching
LogPluginManager: Mounting plugin MaterialAnalyzer
LogPluginManager: Mounting plugin MobileLauncherProfileWizard
LogPluginManager: Mounting plugin PluginBrowser
LogPluginManager: Mounting plugin SpeedTreeImporter
LogPluginManager: Mounting plugin DatasmithContent
LogPluginManager: Mounting plugin VariantManagerContent
LogPluginManager: Mounting plugin AlembicImporter
LogPluginManager: Mounting plugin AutomationUtils
LogPluginManager: Mounting plugin BackChannel
LogPluginManager: Mounting plugin ChaosCloth
LogPluginManager: Mounting plugin ChaosClothEditor
LogPluginManager: Mounting plugin ChaosEditor
LogPluginManager: Mounting plugin ChaosNiagara
LogPluginManager: Mounting plugin ChaosSolverPlugin
LogPluginManager: Mounting plugin CharacterAI
LogPluginManager: Mounting plugin GeometryCache
LogPluginManager: Mounting plugin GeometryCollectionPlugin
LogPluginManager: Mounting plugin GeometryProcessing
LogPluginManager: Mounting plugin PlanarCut
LogPluginManager: Mounting plugin PlatformCrypto
LogPluginManager: Mounting plugin ProxyLODPlugin
LogPluginManager: Mounting plugin SkeletalReduction
LogPluginManager: Mounting plugin Niagara
LogPluginManager: Mounting plugin MagicLeap
LogPluginManager: Mounting plugin MagicLeapLightEstimation
LogPluginManager: Mounting plugin MagicLeapMedia
LogPluginManager: Mounting plugin MagicLeapPassableWorld
LogPluginManager: Mounting plugin MLSDK
LogPluginManager: Mounting plugin AndroidMedia
LogPluginManager: Mounting plugin AvfMedia
LogPluginManager: Mounting plugin ImgMedia
LogPluginManager: Mounting plugin MediaCompositing
LogPluginManager: Mounting plugin MediaPlayerEditor
LogPluginManager: Mounting plugin WebMMedia
LogPluginManager: Mounting plugin WmfMedia
LogPluginManager: Mounting plugin MeshPainting
LogPluginManager: Mounting plugin TcpMessaging
LogPluginManager: Mounting plugin UdpMessaging
LogPluginManager: Mounting plugin ActorSequence
LogPluginManager: Mounting plugin LevelSequenceEditor
LogPluginManager: Mounting plugin MatineeToLevelSequence
LogPluginManager: Mounting plugin MovieRenderPipeline
LogPluginManager: Mounting plugin TemplateSequence
LogPluginManager: Mounting plugin NetcodeUnitTest
LogPluginManager: Mounting plugin NUTUnrealEngine4
LogPluginManager: Mounting plugin OnlineSubsystemGooglePlay
LogPluginManager: Mounting plugin OnlineSubsystemIOS
LogPluginManager: Mounting plugin OnlineSubsystem
LogPluginManager: Mounting plugin OnlineSubsystemNull
LogPluginManager: Mounting plugin OnlineSubsystemUtils
LogPluginManager: Mounting plugin LauncherChunkInstaller
LogPluginManager: Mounting plugin AndroidDeviceProfileSelector
LogPluginManager: Mounting plugin AndroidMoviePlayer
LogPluginManager: Mounting plugin AndroidPermission
LogPluginManager: Mounting plugin AppleImageUtils
LogPluginManager: Mounting plugin AppleMoviePlayer
LogPluginManager: Mounting plugin ArchVisCharacter
LogPluginManager: Mounting plugin AssetTags
LogPluginManager: Mounting plugin AudioCapture
LogPluginManager: Mounting plugin CableComponent
LogPluginManager: Mounting plugin CustomMeshComponent
LogPluginManager: Mounting plugin EditableMesh
LogPluginManager: Mounting plugin ExampleDeviceProfileSelector
LogPluginManager: Mounting plugin GoogleCloudMessaging
LogPluginManager: Mounting plugin GooglePAD
LogPluginManager: Mounting plugin IOSDeviceProfileSelector
LogPluginManager: Mounting plugin LinuxDeviceProfileSelector
LogPluginManager: Mounting plugin LocationServicesBPLibrary
LogPluginManager: Mounting plugin MobilePatchingUtils
LogPluginManager: Mounting plugin OculusVR
LogPluginManager: Mounting plugin PhysXVehicles
LogPluginManager: Mounting plugin PostSplashScreen
LogPluginManager: Mounting plugin ProceduralMeshComponent
LogPluginManager: Mounting plugin RuntimePhysXCooking
LogPluginManager: Mounting plugin SignificanceManager
LogPluginManager: Mounting plugin SoundFields
LogPluginManager: Mounting plugin SteamVR
LogPluginManager: Mounting plugin Synthesis
LogPluginManager: Mounting plugin WebMMoviePlayer
LogPluginManager: Mounting plugin WindowsMoviePlayer
LogPluginManager: Mounting plugin ScreenshotTools
LogInit: Using libcurl 7.55.1-DEV
LogInit:  - built for x86_64-pc-win32
LogInit:  - supports SSL with OpenSSL/1.1.1
LogInit:  - supports HTTP deflate (compression) using libz 1.2.8
LogInit:  - other features:
LogInit:      CURL_VERSION_SSL
LogInit:      CURL_VERSION_LIBZ
LogInit:      CURL_VERSION_IPV6
LogInit:      CURL_VERSION_ASYNCHDNS
LogInit:      CURL_VERSION_LARGEFILE
LogInit:      CURL_VERSION_IDN
LogInit:  CurlRequestOptions (configurable via config and command line):
LogInit:  - bVerifyPeer = true  - Libcurl will verify peer certificate
LogInit:  - bUseHttpProxy = false  - Libcurl will NOT use HTTP proxy
LogInit:  - bDontReuseConnections = false  - Libcurl will reuse connections
LogInit:  - MaxHostConnections = 16  - Libcurl will limit the number of connections to a host
LogInit:  - LocalHostAddr = Default
LogInit:  - BufferSize = 65536
LogOnline: OSS: Creating online subsystem instance for: NULL
LogInit: WinSock: version 1.1 (2.2), MaxSocks=32767, MaxUdp=65467
LogOnline: OSS: TryLoadSubsystemAndSetDefault: Loaded subsystem for module [NULL]
LogOculusPluginWrapper: OculusPlugin initialized successfully
LogHMD: Failed initializing OVRPlugin 1.44.0
LogInit: Build: ++UE4+Release-4.25-CL-13942748
LogInit: Engine Version: 4.25.3-13942748+++UE4+Release-4.25
LogInit: Compatible Engine Version: 4.25.0-13144385+++UE4+Release-4.25
LogInit: Net CL: 13144385
LogInit: OS: Windows 10 (Release 1909) (), CPU: AMD Ryzen 7 3700X 8-Core Processor             , GPU: NVIDIA GeForce RTX 2080 SUPER
LogInit: Compiled (64-bit): Jul 25 2020 02:07:48
LogInit: Compiled with Visual C++: 19.24.28315.00
LogInit: Build Configuration: Development
LogInit: Branch Name: ++UE4+Release-4.25
LogInit: Command Line:  -skipcompile
LogInit: Base Directory: E:/UnrealEngine/UE_4.25/Engine/Binaries/Win64/
LogInit: Allocator: TBB
LogInit: Installed Engine Build: 1
LogDevObjectVersion: Number of dev versions registered: 26
LogDevObjectVersion:   Dev-Blueprints (B0D832E4-1F89-4F0D-ACCF-7EB736FD4AA2): 10
LogDevObjectVersion:   Dev-Build (E1C64328-A22C-4D53-A36C-8E866417BD8C): 0
LogDevObjectVersion:   Dev-Core (375EC13C-06E4-48FB-B500-84F0262A717E): 4
LogDevObjectVersion:   Dev-Editor (E4B068ED-F494-42E9-A231-DA0B2E46BB41): 38
LogDevObjectVersion:   Dev-Framework (CFFC743F-43B0-4480-9391-14DF171D2073): 37
LogDevObjectVersion:   Dev-Mobile (B02B49B5-BB20-44E9-A304-32B752E40360): 2
LogDevObjectVersion:   Dev-Networking (A4E4105C-59A1-49B5-A7C5-40C4547EDFEE): 0
LogDevObjectVersion:   Dev-Online (39C831C9-5AE6-47DC-9A44-9C173E1C8E7C): 0
LogDevObjectVersion:   Dev-Physics (78F01B33-EBEA-4F98-B9B4-84EACCB95AA2): 4
LogDevObjectVersion:   Dev-Platform (6631380F-2D4D-43E0-8009-CF276956A95A): 0
LogDevObjectVersion:   Dev-Rendering (12F88B9F-8875-4AFC-A67C-D90C383ABD29): 43
LogDevObjectVersion:   Dev-Sequencer (7B5AE74C-D270-4C10-A958-57980B212A5A): 12
LogDevObjectVersion:   Dev-VR (D7296918-1DD6-4BDD-9DE2-64A83CC13884): 3
LogDevObjectVersion:   Dev-LoadTimes (C2A15278-BFE7-4AFE-6C17-90FF531DF755): 1
LogDevObjectVersion:   Private-Geometry (6EACA3D4-40EC-4CC1-B786-8BED09428FC5): 3
LogDevObjectVersion:   Dev-AnimPhys (29E575DD-E0A3-4627-9D10-D276232CDCEA): 17
LogDevObjectVersion:   Dev-Anim (AF43A65D-7FD3-4947-9873-3E8ED9C1BB05): 7
LogDevObjectVersion:   Dev-ReflectionCapture (6B266CEC-1EC7-4B8F-A30B-E4D90942FC07): 1
LogDevObjectVersion:   Dev-Automation (0DF73D61-A23F-47EA-B727-89E90C41499A): 1
LogDevObjectVersion:   FortniteMain (601D1886-AC64-4F84-AA16-D3DE0DEAC7D6): 31
LogDevObjectVersion:   Dev-Enterprise (9DFFBCD6-494F-0158-E221-12823C92A888): 10
LogDevObjectVersion:   Dev-Niagara (F2AED0AC-9AFE-416F-8664-AA7FFA26D6FC): 1
LogDevObjectVersion:   Dev-Destruction (174F1F0B-B4C6-45A5-B13F-2EE8D0FB917D): 10
LogDevObjectVersion:   Dev-Physics-Ext (35F94A83-E258-406C-A318-09F59610247C): 37
LogDevObjectVersion:   Dev-PhysicsMaterial-Chaos (B68FC16E-8B1B-42E2-B453-215C058844FE): 1
LogDevObjectVersion:   Dev-CineCamera (B2E18506-4273-CFC2-A54E-F4BB758BBA07): 1
LogInit: Presizing for max 25165824 objects, including 0 objects not considered by GC, pre-allocating 0 bytes for permanent pool.
LogConfig: Applying CVar settings from Section [/Script/Engine.StreamingSettings] File [E:/GameProgramming2/Unreal Natural selection simulation/NaturalSelection/Saved/Config/Windows/Engine.ini]
LogConfig: Setting CVar [[s.MinBulkDataSizeForAsyncLoading:131072]]
LogConfig: Setting CVar [[s.AsyncLoadingThreadEnabled:0]]
LogConfig: Setting CVar [[s.EventDrivenLoaderEnabled:1]]
LogConfig: Setting CVar [[s.WarnIfTimeLimitExceeded:0]]
LogConfig: Setting CVar [[s.TimeLimitExceededMultiplier:1.5]]
LogConfig: Setting CVar [[s.TimeLimitExceededMinTime:0.005]]
LogConfig: Setting CVar [[s.UseBackgroundLevelStreaming:1]]
LogConfig: Setting CVar [[s.PriorityAsyncLoadingExtraTime:15.0]]
LogConfig: Setting CVar [[s.LevelStreamingActorsUpdateTimeLimit:5.0]]
LogConfig: Setting CVar [[s.PriorityLevelStreamingActorsUpdateExtraTime:5.0]]
LogConfig: Setting CVar [[s.LevelStreamingComponentsRegistrationGranularity:10]]
LogConfig: Setting CVar [[s.UnregisterComponentsTimeLimit:1.0]]
LogConfig: Setting CVar [[s.LevelStreamingComponentsUnregistrationGranularity:5]]
LogConfig: Setting CVar [[s.FlushStreamingOnExit:1]]
LogInit: Object subsystem initialized
LogConfig: Setting CVar [[con.DebugEarlyDefault:1]]
LogConfig: Setting CVar [[r.setres:1280x720]]
[2020.10.11-00.59.18:494][  0]LogConfig: Setting CVar [[r.VSync:0]]
[2020.10.11-00.59.18:494][  0]LogConfig: Setting CVar [[r.RHICmdBypass:0]]
[2020.10.11-00.59.18:494][  0]LogConfig: Applying CVar settings from Section [/Script/Engine.RendererSettings] File [E:/GameProgramming2/Unreal Natural selection simulation/NaturalSelection/Saved/Config/Windows/Engine.ini]
[2020.10.11-00.59.18:494][  0]LogConfig: Setting CVar [[r.GPUCrashDebugging:0]]
[2020.10.11-00.59.18:494][  0]LogConfig: Applying CVar settings from Section [/Script/Engine.RendererOverrideSettings] File [E:/GameProgramming2/Unreal Natural selection simulation/NaturalSelection/Saved/Config/Windows/Engine.ini]
[2020.10.11-00.59.18:494][  0]LogConfig: Applying CVar settings from Section [/Script/Engine.StreamingSettings] File [E:/GameProgramming2/Unreal Natural selection simulation/NaturalSelection/Saved/Config/Windows/Engine.ini]
[2020.10.11-00.59.18:495][  0]LogConfig: Setting CVar [[s.MinBulkDataSizeForAsyncLoading:131072]]
[2020.10.11-00.59.18:495][  0]LogConfig: Setting CVar [[s.AsyncLoadingThreadEnabled:0]]
[2020.10.11-00.59.18:495][  0]LogConfig: Setting CVar [[s.EventDrivenLoaderEnabled:1]]
[2020.10.11-00.59.18:495][  0]LogConfig: Setting CVar [[s.WarnIfTimeLimitExceeded:0]]
[2020.10.11-00.59.18:495][  0]LogConfig: Setting CVar [[s.TimeLimitExceededMultiplier:1.5]]
[2020.10.11-00.59.18:495][  0]LogConfig: Setting CVar [[s.TimeLimitExceededMinTime:0.005]]
[2020.10.11-00.59.18:495][  0]LogConfig: Setting CVar [[s.UseBackgroundLevelStreaming:1]]
[2020.10.11-00.59.18:495][  0]LogConfig: Setting CVar [[s.PriorityAsyncLoadingExtraTime:15.0]]
[2020.10.11-00.59.18:495][  0]LogConfig: Setting CVar [[s.LevelStreamingActorsUpdateTimeLimit:5.0]]
[2020.10.11-00.59.18:495][  0]LogConfig: Setting CVar [[s.PriorityLevelStreamingActorsUpdateExtraTime:5.0]]
[2020.10.11-00.59.18:495][  0]LogConfig: Setting CVar [[s.LevelStreamingComponentsRegistrationGranularity:10]]
[2020.10.11-00.59.18:495][  0]LogConfig: Setting CVar [[s.UnregisterComponentsTimeLimit:1.0]]
[2020.10.11-00.59.18:495][  0]LogConfig: Setting CVar [[s.LevelStreamingComponentsUnregistrationGranularity:5]]
[2020.10.11-00.59.18:495][  0]LogConfig: Setting CVar [[s.FlushStreamingOnExit:1]]
[2020.10.11-00.59.18:495][  0]LogConfig: Applying CVar settings from Section [/Script/Engine.GarbageCollectionSettings] File [E:/GameProgramming2/Unreal Natural selection simulation/NaturalSelection/Saved/Config/Windows/Engine.ini]
[2020.10.11-00.59.18:495][  0]LogConfig: Setting CVar [[gc.MaxObjectsNotConsideredByGC:1]]
[2020.10.11-00.59.18:495][  0]LogConfig: Setting CVar [[gc.SizeOfPermanentObjectPool:0]]
[2020.10.11-00.59.18:495][  0]LogConfig: Setting CVar [[gc.FlushStreamingOnGC:0]]
[2020.10.11-00.59.18:495][  0]LogConfig: Setting CVar [[gc.NumRetriesBeforeForcingGC:10]]
[2020.10.11-00.59.18:495][  0]LogConfig: Setting CVar [[gc.AllowParallelGC:1]]
[2020.10.11-00.59.18:496][  0]LogConfig: Setting CVar [[gc.TimeBetweenPurgingPendingKillObjects:61.1]]
[2020.10.11-00.59.18:496][  0]LogConfig: Setting CVar [[gc.MaxObjectsInEditor:25165824]]
[2020.10.11-00.59.18:496][  0]LogConfig: Setting CVar [[gc.IncrementalBeginDestroyEnabled:1]]
[2020.10.11-00.59.18:496][  0]LogConfig: Setting CVar [[gc.CreateGCClusters:1]]
[2020.10.11-00.59.18:496][  0]LogConfig: Setting CVar [[gc.MinGCClusterSize:5]]
[2020.10.11-00.59.18:496][  0]LogConfig: Setting CVar [[gc.ActorClusteringEnabled:0]]
[2020.10.11-00.59.18:496][  0]LogConfig: Setting CVar [[gc.BlueprintClusteringEnabled:0]]
[2020.10.11-00.59.18:496][  0]LogConfig: Setting CVar [[gc.UseDisregardForGCOnDedicatedServers:0]]
[2020.10.11-00.59.18:496][  0]LogConfig: Applying CVar settings from Section [/Script/Engine.NetworkSettings] File [E:/GameProgramming2/Unreal Natural selection simulation/NaturalSelection/Saved/Config/Windows/Engine.ini]
[2020.10.11-00.59.18:496][  0]LogConfig: Applying CVar settings from Section [/Script/UnrealEd.CookerSettings] File [E:/GameProgramming2/Unreal Natural selection simulation/NaturalSelection/Saved/Config/Windows/Engine.ini]
[2020.10.11-00.59.18:505][  0]LogConfig: Applying CVar settings from Section [ViewDistanceQuality@3] File [E:/GameProgramming2/Unreal Natural selection simulation/NaturalSelection/Saved/Config/Windows/Scalability.ini]
[2020.10.11-00.59.18:505][  0]LogConfig: Setting CVar [[r.SkeletalMeshLODBias:0]]
[2020.10.11-00.59.18:505][  0]LogConfig: Setting CVar [[r.ViewDistanceScale:1.0]]
[2020.10.11-00.59.18:505][  0]LogConfig: Applying CVar settings from Section [AntiAliasingQuality@3] File [E:/GameProgramming2/Unreal Natural selection simulation/NaturalSelection/Saved/Config/Windows/Scalability.ini]
[2020.10.11-00.59.18:505][  0]LogConfig: Setting CVar [[r.PostProcessAAQuality:4]]
[2020.10.11-00.59.18:505][  0]LogConfig: Applying CVar settings from Section [ShadowQuality@3] File [E:/GameProgramming2/Unreal Natural selection simulation/NaturalSelection/Saved/Config/Windows/Scalability.ini]
[2020.10.11-00.59.18:505][  0]LogConfig: Setting CVar [[r.LightFunctionQuality:1]]
[2020.10.11-00.59.18:505][  0]LogConfig: Setting CVar [[r.ShadowQuality:5]]
[2020.10.11-00.59.18:505][  0]LogConfig: Setting CVar [[r.Shadow.CSM.MaxCascades:10]]
[2020.10.11-00.59.18:505][  0]LogConfig: Setting CVar [[r.Shadow.MaxResolution:2048]]
[2020.10.11-00.59.18:505][  0]LogConfig: Setting CVar [[r.Shadow.MaxCSMResolution:2048]]
[2020.10.11-00.59.18:505][  0]LogConfig: Setting CVar [[r.Shadow.RadiusThreshold:0.01]]
[2020.10.11-00.59.18:505][  0]LogConfig: Setting CVar [[r.Shadow.DistanceScale:1.0]]
[2020.10.11-00.59.18:505][  0]LogConfig: Setting CVar [[r.Shadow.CSM.TransitionScale:1.0]]
[2020.10.11-00.59.18:505][  0]LogConfig: Setting CVar [[r.Shadow.PreShadowResolutionFactor:1.0]]
[2020.10.11-00.59.18:506][  0]LogConfig: Setting CVar [[r.DistanceFieldShadowing:1]]
[2020.10.11-00.59.18:506][  0]LogConfig: Setting CVar [[r.DistanceFieldAO:1]]
[2020.10.11-00.59.18:506][  0]LogConfig: Setting CVar [[r.AOQuality:2]]
[2020.10.11-00.59.18:506][  0]LogConfig: Setting CVar [[r.VolumetricFog:1]]
[2020.10.11-00.59.18:506][  0]LogConfig: Setting CVar [[r.VolumetricFog.GridPixelSize:8]]
[2020.10.11-00.59.18:506][  0]LogConfig: Setting CVar [[r.VolumetricFog.GridSizeZ:128]]
[2020.10.11-00.59.18:506][  0]LogConfig: Setting CVar [[r.VolumetricFog.HistoryMissSupersampleCount:4]]
[2020.10.11-00.59.18:506][  0]LogConfig: Setting CVar [[r.LightMaxDrawDistanceScale:1]]
[2020.10.11-00.59.18:506][  0]LogConfig: Setting CVar [[r.CapsuleShadows:1]]
[2020.10.11-00.59.18:506][  0]LogConfig: Applying CVar settings from Section [PostProcessQuality@3] File [E:/GameProgramming2/Unreal Natural selection simulation/NaturalSelection/Saved/Config/Windows/Scalability.ini]
[2020.10.11-00.59.18:506][  0]LogConfig: Setting CVar [[r.MotionBlurQuality:4]]
[2020.10.11-00.59.18:506][  0]LogConfig: Setting CVar [[r.AmbientOcclusionMipLevelFactor:0.4]]
[2020.10.11-00.59.18:506][  0]LogConfig: Setting CVar [[r.AmbientOcclusionMaxQuality:100]]
[2020.10.11-00.59.18:506][  0]LogConfig: Setting CVar [[r.AmbientOcclusionLevels:-1]]
[2020.10.11-00.59.18:506][  0]LogConfig: Setting CVar [[r.AmbientOcclusionRadiusScale:1.0]]
[2020.10.11-00.59.18:506][  0]LogConfig: Setting CVar [[r.DepthOfFieldQuality:2]]
[2020.10.11-00.59.18:506][  0]LogConfig: Setting CVar [[r.RenderTargetPoolMin:400]]
[2020.10.11-00.59.18:506][  0]LogConfig: Setting CVar [[r.LensFlareQuality:2]]
[2020.10.11-00.59.18:507][  0]LogConfig: Setting CVar [[r.SceneColorFringeQuality:1]]
[2020.10.11-00.59.18:507][  0]LogConfig: Setting CVar [[r.EyeAdaptationQuality:2]]
[2020.10.11-00.59.18:507][  0]LogConfig: Setting CVar [[r.BloomQuality:5]]
[2020.10.11-00.59.18:507][  0]LogConfig: Setting CVar [[r.FastBlurThreshold:100]]
[2020.10.11-00.59.18:507][  0]LogConfig: Setting CVar [[r.Upscale.Quality:3]]
[2020.10.11-00.59.18:507][  0]LogConfig: Setting CVar [[r.Tonemapper.GrainQuantization:1]]
[2020.10.11-00.59.18:507][  0]LogConfig: Setting CVar [[r.LightShaftQuality:1]]
[2020.10.11-00.59.18:507][  0]LogConfig: Setting CVar [[r.Filter.SizeScale:1]]
[2020.10.11-00.59.18:507][  0]LogConfig: Setting CVar [[r.Tonemapper.Quality:5]]
[2020.10.11-00.59.18:507][  0]LogConfig: Setting CVar [[r.DOF.Gather.AccumulatorQuality:1        ; higher gathering accumulator quality]]
[2020.10.11-00.59.18:507][  0]LogConfig: Setting CVar [[r.DOF.Gather.PostfilterMethod:1          ; Median3x3 postfilering method]]
[2020.10.11-00.59.18:507][  0]LogConfig: Setting CVar [[r.DOF.Gather.EnableBokehSettings:0       ; no bokeh simulation when gathering]]
[2020.10.11-00.59.18:507][  0]LogConfig: Setting CVar [[r.DOF.Gather.RingCount:4                 ; medium number of samples when gathering]]
[2020.10.11-00.59.18:507][  0]LogConfig: Setting CVar [[r.DOF.Scatter.ForegroundCompositing:1    ; additive foreground scattering]]
[2020.10.11-00.59.18:507][  0]LogConfig: Setting CVar [[r.DOF.Scatter.BackgroundCompositing:2    ; additive background scattering]]
[2020.10.11-00.59.18:507][  0]LogConfig: Setting CVar [[r.DOF.Scatter.EnableBokehSettings:1      ; bokeh simulation when scattering]]
[2020.10.11-00.59.18:507][  0]LogConfig: Setting CVar [[r.DOF.Scatter.MaxSpriteRatio:0.1         ; only a maximum of 10% of scattered bokeh]]
[2020.10.11-00.59.18:507][  0]LogConfig: Setting CVar [[r.DOF.Recombine.Quality:1                ; cheap slight out of focus]]
[2020.10.11-00.59.18:508][  0]LogConfig: Setting CVar [[r.DOF.Recombine.EnableBokehSettings:0    ; no bokeh simulation on slight out of focus]]
[2020.10.11-00.59.18:508][  0]LogConfig: Setting CVar [[r.DOF.TemporalAAQuality:1                ; more stable temporal accumulation]]
[2020.10.11-00.59.18:508][  0]LogConfig: Setting CVar [[r.DOF.Kernel.MaxForegroundRadius:0.025]]
[2020.10.11-00.59.18:508][  0]LogConfig: Setting CVar [[r.DOF.Kernel.MaxBackgroundRadius:0.025]]
[2020.10.11-00.59.18:508][  0]LogConfig: Applying CVar settings from Section [TextureQuality@3] File [E:/GameProgramming2/Unreal Natural selection simulation/NaturalSelection/Saved/Config/Windows/Scalability.ini]
[2020.10.11-00.59.18:508][  0]LogConfig: Setting CVar [[r.Streaming.MipBias:0]]
[2020.10.11-00.59.18:508][  0]LogConfig: Setting CVar [[r.Streaming.AmortizeCPUToGPUCopy:0]]
[2020.10.11-00.59.18:508][  0]LogConfig: Setting CVar [[r.Streaming.MaxNumTexturesToStreamPerFrame:0]]
[2020.10.11-00.59.18:508][  0]LogConfig: Setting CVar [[r.Streaming.Boost:1]]
[2020.10.11-00.59.18:508][  0]LogConfig: Setting CVar [[r.MaxAnisotropy:8]]
[2020.10.11-00.59.18:508][  0]LogConfig: Setting CVar [[r.VT.MaxAnisotropy:8]]
[2020.10.11-00.59.18:508][  0]LogConfig: Setting CVar [[r.Streaming.LimitPoolSizeToVRAM:0]]
[2020.10.11-00.59.18:508][  0]LogConfig: Setting CVar [[r.Streaming.PoolSize:1000]]
[2020.10.11-00.59.18:508][  0]LogConfig: Setting CVar [[r.Streaming.MaxEffectiveScreenSize:0]]
[2020.10.11-00.59.18:508][  0]LogConfig: Applying CVar settings from Section [EffectsQuality@3] File [E:/GameProgramming2/Unreal Natural selection simulation/NaturalSelection/Saved/Config/Windows/Scalability.ini]
[2020.10.11-00.59.18:508][  0]LogConfig: Setting CVar [[r.TranslucencyLightingVolumeDim:64]]
[2020.10.11-00.59.18:508][  0]LogConfig: Setting CVar [[r.RefractionQuality:2]]
[2020.10.11-00.59.18:508][  0]LogConfig: Setting CVar [[r.SSR.Quality:3]]
[2020.10.11-00.59.18:508][  0]LogConfig: Setting CVar [[r.SSR.HalfResSceneColor:0]]
[2020.10.11-00.59.18:508][  0]LogConfig: Setting CVar [[r.SceneColorFormat:4]]
[2020.10.11-00.59.18:509][  0]LogConfig: Setting CVar [[r.DetailMode:2]]
[2020.10.11-00.59.18:509][  0]LogConfig: Setting CVar [[r.TranslucencyVolumeBlur:1]]
[2020.10.11-00.59.18:509][  0]LogConfig: Setting CVar [[r.MaterialQualityLevel:1 ; High quality]]
[2020.10.11-00.59.18:509][  0]LogConfig: Setting CVar [[r.SSS.Scale:1]]
[2020.10.11-00.59.18:509][  0]LogConfig: Setting CVar [[r.SSS.SampleSet:2]]
[2020.10.11-00.59.18:509][  0]LogConfig: Setting CVar [[r.SSS.Quality:1]]
[2020.10.11-00.59.18:509][  0]LogConfig: Setting CVar [[r.SSS.HalfRes:0]]
[2020.10.11-00.59.18:509][  0]LogConfig: Setting CVar [[r.SSGI.Quality:3]]
[2020.10.11-00.59.18:509][  0]LogConfig: Setting CVar [[r.EmitterSpawnRateScale:1.0]]
[2020.10.11-00.59.18:509][  0]LogConfig: Setting CVar [[r.ParticleLightQuality:2]]
[2020.10.11-00.59.18:509][  0]LogConfig: Setting CVar [[r.SkyAtmosphere.AerialPerspectiveLUT.FastApplyOnOpaque:1 ; Always have FastSkyLUT 1 in this case to avoid wrong sky]]
[2020.10.11-00.59.18:509][  0]LogConfig: Setting CVar [[r.SkyAtmosphere.AerialPerspectiveLUT.SampleCountPerSlice:1]]
[2020.10.11-00.59.18:509][  0]LogConfig: Setting CVar [[r.SkyAtmosphere.AerialPerspectiveLUT.DepthResolution:16.0]]
[2020.10.11-00.59.18:509][  0]LogConfig: Setting CVar [[r.SkyAtmosphere.FastSkyLUT:1]]
[2020.10.11-00.59.18:509][  0]LogConfig: Setting CVar [[r.SkyAtmosphere.FastSkyLUT.SampleCountMin:4.0]]
[2020.10.11-00.59.18:509][  0]LogConfig: Setting CVar [[r.SkyAtmosphere.FastSkyLUT.SampleCountMax:32.0]]
[2020.10.11-00.59.18:509][  0]LogConfig: Setting CVar [[r.SkyAtmosphere.SampleCountMin:4.0]]
[2020.10.11-00.59.18:509][  0]LogConfig: Setting CVar [[r.SkyAtmosphere.SampleCountMax:32.0]]
[2020.10.11-00.59.18:509][  0]LogConfig: Setting CVar [[r.SkyAtmosphere.TransmittanceLUT.UseSmallFormat:0]]
[2020.10.11-00.59.18:509][  0]LogConfig: Setting CVar [[r.SkyAtmosphere.TransmittanceLUT.SampleCount:10.0]]
[2020.10.11-00.59.18:510][  0]LogConfig: Setting CVar [[r.SkyAtmosphere.MultiScatteringLUT.SampleCount:15.0]]
[2020.10.11-00.59.18:510][  0]LogConfig: Applying CVar settings from Section [FoliageQuality@3] File [E:/GameProgramming2/Unreal Natural selection simulation/NaturalSelection/Saved/Config/Windows/Scalability.ini]
[2020.10.11-00.59.18:510][  0]LogConfig: Setting CVar [[foliage.DensityScale:1.0]]
[2020.10.11-00.59.18:510][  0]LogConfig: Setting CVar [[grass.DensityScale:1.0]]
[2020.10.11-00.59.18:510][  0]LogConfig: Applying CVar settings from Section [ShadingQuality@3] File [E:/GameProgramming2/Unreal Natural selection simulation/NaturalSelection/Saved/Config/Windows/Scalability.ini]
[2020.10.11-00.59.18:510][  0]LogConfig: Setting CVar [[r.HairStrands.SkyLighting.SampleCount:16]]
[2020.10.11-00.59.18:510][  0]LogConfig: Setting CVar [[r.HairStrands.SkyLighting.JitterIntegration:0]]
[2020.10.11-00.59.18:510][  0]LogConfig: Setting CVar [[r.HairStrands.SkyAO.SampleCount:16]]
[2020.10.11-00.59.18:510][  0]LogConfig: Setting CVar [[r.HairStrands.DeepShadow.SuperSampling:0]]
[2020.10.11-00.59.18:510][  0]LogConfig: Setting CVar [[r.HairStrands.VisibilityPPLL:0]]
[2020.10.11-00.59.18:510][  0]LogConfig: Setting CVar [[r.HairStrands.RasterizationScale:0.5]]
[2020.10.11-00.59.18:510][  0]LogConfig: Setting CVar [[r.HairStrands.VelocityRasterizationScale:1]]
[2020.10.11-00.59.18:510][  0]LogInit: Selected Device Profile: [Windows]
[2020.10.11-00.59.18:510][  0]LogInit: Applying CVar settings loaded from the selected device profile: [Windows]
[2020.10.11-00.59.18:510][  0]LogHAL: Display: Platform has ~ 16 GB [17105043456 / 17179869184 / 16], which maps to Larger [LargestMinGB=32, LargerMinGB=12, DefaultMinGB=8, SmallerMinGB=6, SmallestMinGB=0)
[2020.10.11-00.59.18:510][  0]LogInit: Going up to parent DeviceProfile []
[2020.10.11-00.59.18:510][  0]LogConfig: Applying CVar settings from Section [ViewDistanceQuality@3] File [E:/GameProgramming2/Unreal Natural selection simulation/NaturalSelection/Saved/Config/Windows/Scalability.ini]
[2020.10.11-00.59.18:510][  0]LogConfig: Setting CVar [[r.SkeletalMeshLODBias:0]]
[2020.10.11-00.59.18:511][  0]LogConfig: Setting CVar [[r.ViewDistanceScale:1.0]]
[2020.10.11-00.59.18:511][  0]LogConfig: Applying CVar settings from Section [AntiAliasingQuality@3] File [E:/GameProgramming2/Unreal Natural selection simulation/NaturalSelection/Saved/Config/Windows/Scalability.ini]
[2020.10.11-00.59.18:511][  0]LogConfig: Setting CVar [[r.PostProcessAAQuality:4]]
[2020.10.11-00.59.18:511][  0]LogConfig: Applying CVar settings from Section [ShadowQuality@3] File [E:/GameProgramming2/Unreal Natural selection simulation/NaturalSelection/Saved/Config/Windows/Scalability.ini]
[2020.10.11-00.59.18:511][  0]LogConfig: Setting CVar [[r.LightFunctionQuality:1]]
[2020.10.11-00.59.18:511][  0]LogConfig: Setting CVar [[r.ShadowQuality:5]]
[2020.10.11-00.59.18:511][  0]LogConfig: Setting CVar [[r.Shadow.CSM.MaxCascades:10]]
[2020.10.11-00.59.18:511][  0]LogConfig: Setting CVar [[r.Shadow.MaxResolution:2048]]
[2020.10.11-00.59.18:511][  0]LogConfig: Setting CVar [[r.Shadow.MaxCSMResolution:2048]]
[2020.10.11-00.59.18:511][  0]LogConfig: Setting CVar [[r.Shadow.RadiusThreshold:0.01]]
[2020.10.11-00.59.18:511][  0]LogConfig: Setting CVar [[r.Shadow.DistanceScale:1.0]]
[2020.10.11-00.59.18:511][  0]LogConfig: Setting CVar [[r.Shadow.CSM.TransitionScale:1.0]]
[2020.10.11-00.59.18:511][  0]LogConfig: Setting CVar [[r.Shadow.PreShadowResolutionFactor:1.0]]
[2020.10.11-00.59.18:511][  0]LogConfig: Setting CVar [[r.DistanceFieldShadowing:1]]
[2020.10.11-00.59.18:511][  0]LogConfig: Setting CVar [[r.DistanceFieldAO:1]]
[2020.10.11-00.59.18:511][  0]LogConfig: Setting CVar [[r.AOQuality:2]]
[2020.10.11-00.59.18:511][  0]LogConfig: Setting CVar [[r.VolumetricFog:1]]
[2020.10.11-00.59.18:511][  0]LogConfig: Setting CVar [[r.VolumetricFog.GridPixelSize:8]]
[2020.10.11-00.59.18:511][  0]LogConfig: Setting CVar [[r.VolumetricFog.GridSizeZ:128]]
[2020.10.11-00.59.18:512][  0]LogConfig: Setting CVar [[r.VolumetricFog.HistoryMissSupersampleCount:4]]
[2020.10.11-00.59.18:512][  0]LogConfig: Setting CVar [[r.LightMaxDrawDistanceScale:1]]
[2020.10.11-00.59.18:512][  0]LogConfig: Setting CVar [[r.CapsuleShadows:1]]
[2020.10.11-00.59.18:512][  0]LogConfig: Applying CVar settings from Section [PostProcessQuality@3] File [E:/GameProgramming2/Unreal Natural selection simulation/NaturalSelection/Saved/Config/Windows/Scalability.ini]
[2020.10.11-00.59.18:512][  0]LogConfig: Setting CVar [[r.MotionBlurQuality:4]]
[2020.10.11-00.59.18:512][  0]LogConfig: Setting CVar [[r.AmbientOcclusionMipLevelFactor:0.4]]
[2020.10.11-00.59.18:512][  0]LogConfig: Setting CVar [[r.AmbientOcclusionMaxQuality:100]]
[2020.10.11-00.59.18:512][  0]LogConfig: Setting CVar [[r.AmbientOcclusionLevels:-1]]
[2020.10.11-00.59.18:512][  0]LogConfig: Setting CVar [[r.AmbientOcclusionRadiusScale:1.0]]
[2020.10.11-00.59.18:512][  0]LogConfig: Setting CVar [[r.DepthOfFieldQuality:2]]
[2020.10.11-00.59.18:512][  0]LogConfig: Setting CVar [[r.RenderTargetPoolMin:400]]
[2020.10.11-00.59.18:512][  0]LogConfig: Setting CVar [[r.LensFlareQuality:2]]
[2020.10.11-00.59.18:512][  0]LogConfig: Setting CVar [[r.SceneColorFringeQuality:1]]
[2020.10.11-00.59.18:512][  0]LogConfig: Setting CVar [[r.EyeAdaptationQuality:2]]
[2020.10.11-00.59.18:512][  0]LogConfig: Setting CVar [[r.BloomQuality:5]]
[2020.10.11-00.59.18:512][  0]LogConfig: Setting CVar [[r.FastBlurThreshold:100]]
[2020.10.11-00.59.18:512][  0]LogConfig: Setting CVar [[r.Upscale.Quality:3]]
[2020.10.11-00.59.18:512][  0]LogConfig: Setting CVar [[r.Tonemapper.GrainQuantization:1]]
[2020.10.11-00.59.18:513][  0]LogConfig: Setting CVar [[r.LightShaftQuality:1]]
[2020.10.11-00.59.18:513][  0]LogConfig: Setting CVar [[r.Filter.SizeScale:1]]
[2020.10.11-00.59.18:513][  0]LogConfig: Setting CVar [[r.Tonemapper.Quality:5]]
[2020.10.11-00.59.18:513][  0]LogConfig: Setting CVar [[r.DOF.Gather.AccumulatorQuality:1        ; higher gathering accumulator quality]]
[2020.10.11-00.59.18:513][  0]LogConfig: Setting CVar [[r.DOF.Gather.PostfilterMethod:1          ; Median3x3 postfilering method]]
[2020.10.11-00.59.18:513][  0]LogConfig: Setting CVar [[r.DOF.Gather.EnableBokehSettings:0       ; no bokeh simulation when gathering]]
[2020.10.11-00.59.18:513][  0]LogConfig: Setting CVar [[r.DOF.Gather.RingCount:4                 ; medium number of samples when gathering]]
[2020.10.11-00.59.18:513][  0]LogConfig: Setting CVar [[r.DOF.Scatter.ForegroundCompositing:1    ; additive foreground scattering]]
[2020.10.11-00.59.18:513][  0]LogConfig: Setting CVar [[r.DOF.Scatter.BackgroundCompositing:2    ; additive background scattering]]
[2020.10.11-00.59.18:513][  0]LogConfig: Setting CVar [[r.DOF.Scatter.EnableBokehSettings:1      ; bokeh simulation when scattering]]
[2020.10.11-00.59.18:513][  0]LogConfig: Setting CVar [[r.DOF.Scatter.MaxSpriteRatio:0.1         ; only a maximum of 10% of scattered bokeh]]
[2020.10.11-00.59.18:513][  0]LogConfig: Setting CVar [[r.DOF.Recombine.Quality:1                ; cheap slight out of focus]]
[2020.10.11-00.59.18:513][  0]LogConfig: Setting CVar [[r.DOF.Recombine.EnableBokehSettings:0    ; no bokeh simulation on slight out of focus]]
[2020.10.11-00.59.18:513][  0]LogConfig: Setting CVar [[r.DOF.TemporalAAQuality:1                ; more stable temporal accumulation]]
[2020.10.11-00.59.18:513][  0]LogConfig: Setting CVar [[r.DOF.Kernel.MaxForegroundRadius:0.025]]
[2020.10.11-00.59.18:513][  0]LogConfig: Setting CVar [[r.DOF.Kernel.MaxBackgroundRadius:0.025]]
[2020.10.11-00.59.18:514][  0]LogConfig: Applying CVar settings from Section [TextureQuality@3] File [E:/GameProgramming2/Unreal Natural selection simulation/NaturalSelection/Saved/Config/Windows/Scalability.ini]
[2020.10.11-00.59.18:514][  0]LogConfig: Setting CVar [[r.Streaming.MipBias:0]]
[2020.10.11-00.59.18:514][  0]LogConfig: Setting CVar [[r.Streaming.AmortizeCPUToGPUCopy:0]]
[2020.10.11-00.59.18:514][  0]LogConfig: Setting CVar [[r.Streaming.MaxNumTexturesToStreamPerFrame:0]]
[2020.10.11-00.59.18:514][  0]LogConfig: Setting CVar [[r.Streaming.Boost:1]]
[2020.10.11-00.59.18:514][  0]LogConfig: Setting CVar [[r.MaxAnisotropy:8]]
[2020.10.11-00.59.18:514][  0]LogConfig: Setting CVar [[r.VT.MaxAnisotropy:8]]
[2020.10.11-00.59.18:514][  0]LogConfig: Setting CVar [[r.Streaming.LimitPoolSizeToVRAM:0]]
[2020.10.11-00.59.18:514][  0]LogConfig: Setting CVar [[r.Streaming.PoolSize:1000]]
[2020.10.11-00.59.18:514][  0]LogConfig: Setting CVar [[r.Streaming.MaxEffectiveScreenSize:0]]
[2020.10.11-00.59.18:514][  0]LogConfig: Applying CVar settings from Section [EffectsQuality@3] File [E:/GameProgramming2/Unreal Natural selection simulation/NaturalSelection/Saved/Config/Windows/Scalability.ini]
[2020.10.11-00.59.18:514][  0]LogConfig: Setting CVar [[r.TranslucencyLightingVolumeDim:64]]
[2020.10.11-00.59.18:514][  0]LogConfig: Setting CVar [[r.RefractionQuality:2]]
[2020.10.11-00.59.18:514][  0]LogConfig: Setting CVar [[r.SSR.Quality:3]]
[2020.10.11-00.59.18:514][  0]LogConfig: Setting CVar [[r.SSR.HalfResSceneColor:0]]
[2020.10.11-00.59.18:514][  0]LogConfig: Setting CVar [[r.SceneColorFormat:4]]
[2020.10.11-00.59.18:514][  0]LogConfig: Setting CVar [[r.DetailMode:2]]
[2020.10.11-00.59.18:514][  0]LogConfig: Setting CVar [[r.TranslucencyVolumeBlur:1]]
[2020.10.11-00.59.18:514][  0]LogConfig: Setting CVar [[r.MaterialQualityLevel:1 ; High quality]]
[2020.10.11-00.59.18:514][  0]LogConfig: Setting CVar [[r.SSS.Scale:1]]
[2020.10.11-00.59.18:514][  0]LogConfig: Setting CVar [[r.SSS.SampleSet:2]]
[2020.10.11-00.59.18:514][  0]LogConfig: Setting CVar [[r.SSS.Quality:1]]
[2020.10.11-00.59.18:514][  0]LogConfig: Setting CVar [[r.SSS.HalfRes:0]]
[2020.10.11-00.59.18:515][  0]LogConfig: Setting CVar [[r.SSGI.Quality:3]]
[2020.10.11-00.59.18:515][  0]LogConfig: Setting CVar [[r.EmitterSpawnRateScale:1.0]]
[2020.10.11-00.59.18:515][  0]LogConfig: Setting CVar [[r.ParticleLightQuality:2]]
[2020.10.11-00.59.18:515][  0]LogConfig: Setting CVar [[r.SkyAtmosphere.AerialPerspectiveLUT.FastApplyOnOpaque:1 ; Always have FastSkyLUT 1 in this case to avoid wrong sky]]
[2020.10.11-00.59.18:515][  0]LogConfig: Setting CVar [[r.SkyAtmosphere.AerialPerspectiveLUT.SampleCountPerSlice:1]]
[2020.10.11-00.59.18:515][  0]LogConfig: Setting CVar [[r.SkyAtmosphere.AerialPerspectiveLUT.DepthResolution:16.0]]
[2020.10.11-00.59.18:515][  0]LogConfig: Setting CVar [[r.SkyAtmosphere.FastSkyLUT:1]]
[2020.10.11-00.59.18:515][  0]LogConfig: Setting CVar [[r.SkyAtmosphere.FastSkyLUT.SampleCountMin:4.0]]
[2020.10.11-00.59.18:515][  0]LogConfig: Setting CVar [[r.SkyAtmosphere.FastSkyLUT.SampleCountMax:32.0]]
[2020.10.11-00.59.18:515][  0]LogConfig: Setting CVar [[r.SkyAtmosphere.SampleCountMin:4.0]]
[2020.10.11-00.59.18:515][  0]LogConfig: Setting CVar [[r.SkyAtmosphere.SampleCountMax:32.0]]
[2020.10.11-00.59.18:515][  0]LogConfig: Setting CVar [[r.SkyAtmosphere.TransmittanceLUT.UseSmallFormat:0]]
[2020.10.11-00.59.18:515][  0]LogConfig: Setting CVar [[r.SkyAtmosphere.TransmittanceLUT.SampleCount:10.0]]
[2020.10.11-00.59.18:515][  0]LogConfig: Setting CVar [[r.SkyAtmosphere.MultiScatteringLUT.SampleCount:15.0]]
[2020.10.11-00.59.18:515][  0]LogConfig: Applying CVar settings from Section [FoliageQuality@3] File [E:/GameProgramming2/Unreal Natural selection simulation/NaturalSelection/Saved/Config/Windows/Scalability.ini]
[2020.10.11-00.59.18:515][  0]LogConfig: Setting CVar [[foliage.DensityScale:1.0]]
[2020.10.11-00.59.18:515][  0]LogConfig: Setting CVar [[grass.DensityScale:1.0]]
[2020.10.11-00.59.18:515][  0]LogConfig: Applying CVar settings from Section [ShadingQuality@3] File [E:/GameProgramming2/Unreal Natural selection simulation/NaturalSelection/Saved/Config/Windows/Scalability.ini]
[2020.10.11-00.59.18:515][  0]LogConfig: Setting CVar [[r.HairStrands.SkyLighting.SampleCount:16]]
[2020.10.11-00.59.18:516][  0]LogConfig: Setting CVar [[r.HairStrands.SkyLighting.JitterIntegration:0]]
[2020.10.11-00.59.18:516][  0]LogConfig: Setting CVar [[r.HairStrands.SkyAO.SampleCount:16]]
[2020.10.11-00.59.18:516][  0]LogConfig: Setting CVar [[r.HairStrands.DeepShadow.SuperSampling:0]]
[2020.10.11-00.59.18:516][  0]LogConfig: Setting CVar [[r.HairStrands.VisibilityPPLL:0]]
[2020.10.11-00.59.18:516][  0]LogConfig: Setting CVar [[r.HairStrands.RasterizationScale:0.5]]
[2020.10.11-00.59.18:516][  0]LogConfig: Setting CVar [[r.HairStrands.VelocityRasterizationScale:1]]
[2020.10.11-00.59.18:516][  0]LogConfig: Applying CVar settings from Section [Startup] File [../../../Engine/Config/ConsoleVariables.ini]
[2020.10.11-00.59.18:516][  0]LogConfig: Setting CVar [[net.UseAdaptiveNetUpdateFrequency:0]]
[2020.10.11-00.59.18:516][  0]LogConfig: Setting CVar [[p.chaos.AllowCreatePhysxBodies:1]]
[2020.10.11-00.59.18:516][  0]LogConfig: Setting CVar [[fx.SkipVectorVMBackendOptimizations:1]]
[2020.10.11-00.59.18:516][  0]LogConfig: Applying CVar settings from Section [ConsoleVariables] File [E:/GameProgramming2/Unreal Natural selection simulation/NaturalSelection/Saved/Config/Windows/Engine.ini]
[2020.10.11-00.59.18:516][  0]LogInit: Computer: DESKTOP-7A4L19L
[2020.10.11-00.59.18:516][  0]LogInit: User: balaj
[2020.10.11-00.59.18:516][  0]LogInit: CPU Page size=4096, Cores=8
[2020.10.11-00.59.18:517][  0]LogInit: High frequency timer resolution =10.000000 MHz
[2020.10.11-00.59.18:517][  0]LogMemory: Memory total: Physical=15.9GB (16GB approx)
[2020.10.11-00.59.18:517][  0]LogMemory: Platform Memory Stats for Windows
[2020.10.11-00.59.18:517][  0]LogMemory: Process Physical Memory: 119.54 MB used, 119.55 MB peak
[2020.10.11-00.59.18:517][  0]LogMemory: Process Virtual Memory: 103.86 MB used, 103.86 MB peak
[2020.10.11-00.59.18:517][  0]LogMemory: Physical Memory: 11997.09 MB used,  4315.55 MB free, 16312.64 MB total
[2020.10.11-00.59.18:517][  0]LogMemory: Virtual Memory: 5228.29 MB used,  134212496.00 MB free, 134217728.00 MB total
[2020.10.11-00.59.18:792][  0]LogWindows: WindowsPlatformFeatures enabled
[2020.10.11-00.59.19:055][  0]LogInit: Physics initialised using underlying interface: PhysX
[2020.10.11-00.59.19:057][  0]LogInit: Using OS detected language (en-US).
[2020.10.11-00.59.19:057][  0]LogInit: Using OS detected locale (en-US).
[2020.10.11-00.59.19:061][  0]LogTextLocalizationManager: No specific localization for 'en-US' exists, so the 'en' localization will be used.
[2020.10.11-00.59.19:304][  0]LogInit: Setting process to per monitor DPI aware
[2020.10.11-00.59.19:386][  0]LogSlate: New Slate User Created.  User Index 0, Is Virtual User: 0
[2020.10.11-00.59.19:386][  0]LogSlate: Slate User Registered.  User Index 0, Is Virtual User: 0
[2020.10.11-00.59.21:521][  0]LogHMD: Failed to initialize OpenVR with code 110
[2020.10.11-00.59.21:521][  0]LogD3D11RHI: D3D11 min allowed feature level: 11_0
[2020.10.11-00.59.21:521][  0]LogD3D11RHI: D3D11 max allowed feature level: 11_0
[2020.10.11-00.59.21:521][  0]LogD3D11RHI: D3D11 adapters:
[2020.10.11-00.59.21:602][  0]LogD3D11RHI:    0. 'NVIDIA GeForce RTX 2080 SUPER' (Feature Level 11_0)
[2020.10.11-00.59.21:602][  0]LogD3D11RHI:       8010/0/8156 MB DedicatedVideo/DedicatedSystem/SharedSystem, Outputs:3, VendorId:0x10de
[2020.10.11-00.59.21:609][  0]LogD3D11RHI:    1. 'Microsoft Basic Render Driver' (Feature Level 11_0)
[2020.10.11-00.59.21:609][  0]LogD3D11RHI:       0/0/8156 MB DedicatedVideo/DedicatedSystem/SharedSystem, Outputs:0, VendorId:0x1414
[2020.10.11-00.59.21:609][  0]LogD3D11RHI: Chosen D3D11 Adapter: 0
[2020.10.11-00.59.21:620][  0]LogD3D11RHI: Creating new Direct3DDevice
[2020.10.11-00.59.21:620][  0]LogD3D11RHI:     GPU DeviceId: 0x1e81 (for the marketing name, search the web for "GPU Device Id")
[2020.10.11-00.59.21:620][  0]LogWindows: EnumDisplayDevices:
[2020.10.11-00.59.21:621][  0]LogWindows:    0. 'NVIDIA GeForce RTX 2080 SUPER' (P:0 D:1)
[2020.10.11-00.59.21:621][  0]LogWindows:    1. 'NVIDIA GeForce RTX 2080 SUPER' (P:1 D:1)
[2020.10.11-00.59.21:621][  0]LogWindows:    2. 'NVIDIA GeForce RTX 2080 SUPER' (P:0 D:1)
[2020.10.11-00.59.21:621][  0]LogWindows:    3. 'NVIDIA GeForce RTX 2080 SUPER' (P:0 D:0)
[2020.10.11-00.59.21:622][  0]LogWindows: DebugString: FoundDriverCount:4 
[2020.10.11-00.59.21:622][  0]LogD3D11RHI:     Adapter Name: NVIDIA GeForce RTX 2080 SUPER
[2020.10.11-00.59.21:622][  0]LogD3D11RHI:   Driver Version: 451.67 (internal:27.21.14.5167, unified:451.67)
[2020.10.11-00.59.21:622][  0]LogD3D11RHI:      Driver Date: 7-5-2020
[2020.10.11-00.59.21:622][  0]LogRHI: Texture pool is 5607 MB (70% of 8010 MB)
[2020.10.11-00.59.21:672][  0]LogD3D11RHI: RHI has support for 64 bit atomics
[2020.10.11-00.59.21:674][  0]LogD3D11RHI: [Aftermath] Enabled and primed
[2020.10.11-00.59.21:674][  0]LogD3D11RHI: Async texture creation enabled
[2020.10.11-00.59.21:674][  0]LogD3D11RHI: Array index from any shader is supported
[2020.10.11-00.59.21:702][  0]LogD3D11RHI: GPU Timing Frequency: 1000.000000 (Debug: 2 1)
[2020.10.11-00.59.21:945][  0]LogTargetPlatformManager: Display: Loaded TargetPlatform 'AllDesktop'
[2020.10.11-00.59.21:966][  0]LogTargetPlatformManager: Display: Loaded TargetPlatform 'Android'
[2020.10.11-00.59.21:966][  0]LogTargetPlatformManager: Display: Loaded TargetPlatform 'Android_ASTC'
[2020.10.11-00.59.21:966][  0]LogTargetPlatformManager: Display: Loaded TargetPlatform 'Android_DXT'
[2020.10.11-00.59.21:966][  0]LogTargetPlatformManager: Display: Loaded TargetPlatform 'Android_ETC2'
[2020.10.11-00.59.21:966][  0]LogTargetPlatformManager: Display: Loaded TargetPlatform 'AndroidClient'
[2020.10.11-00.59.21:966][  0]LogTargetPlatformManager: Display: Loaded TargetPlatform 'Android_ASTCClient'
[2020.10.11-00.59.21:966][  0]LogTargetPlatformManager: Display: Loaded TargetPlatform 'Android_DXTClient'
[2020.10.11-00.59.21:966][  0]LogTargetPlatformManager: Display: Loaded TargetPlatform 'Android_ETC2Client'
[2020.10.11-00.59.21:966][  0]LogTargetPlatformManager: Display: Loaded TargetPlatform 'Android_Multi'
[2020.10.11-00.59.21:966][  0]LogTargetPlatformManager: Display: Loaded TargetPlatform 'Android_MultiClient'
[2020.10.11-00.59.21:993][  0]LogTargetPlatformManager: Display: Loaded TargetPlatform 'IOSClient'
[2020.10.11-00.59.21:993][  0]LogTargetPlatformManager: Display: Loaded TargetPlatform 'IOS'
[2020.10.11-00.59.22:004][  0]LogTargetPlatformManager: Display: Loaded TargetPlatform 'Linux'
[2020.10.11-00.59.22:014][  0]LogTargetPlatformManager: Display: Loaded TargetPlatform 'LinuxNoEditor'
[2020.10.11-00.59.22:024][  0]LogTargetPlatformManager: Display: Loaded TargetPlatform 'LinuxClient'
[2020.10.11-00.59.22:034][  0]LogTargetPlatformManager: Display: Loaded TargetPlatform 'LinuxServer'
[2020.10.11-00.59.22:044][  0]LogTargetPlatformManager: Display: Loaded TargetPlatform 'LinuxAArch64NoEditor'
[2020.10.11-00.59.22:055][  0]LogTargetPlatformManager: Display: Loaded TargetPlatform 'LinuxAArch64Client'
[2020.10.11-00.59.22:064][  0]LogTargetPlatformManager: Display: Loaded TargetPlatform 'LinuxAArch64Server'
[2020.10.11-00.59.22:088][  0]LogTargetPlatformManager: Display: Loaded TargetPlatform 'Lumin'
[2020.10.11-00.59.22:088][  0]LogTargetPlatformManager: Display: Loaded TargetPlatform 'LuminClient'
[2020.10.11-00.59.22:108][  0]LogTargetPlatformManager: Display: Loaded TargetPlatform 'TVOSClient'
[2020.10.11-00.59.22:108][  0]LogTargetPlatformManager: Display: Loaded TargetPlatform 'TVOS'
[2020.10.11-00.59.22:118][  0]LogTargetPlatformManager: Display: Loaded TargetPlatform 'WindowsNoEditor'
[2020.10.11-00.59.22:129][  0]LogTargetPlatformManager: Display: Loaded TargetPlatform 'Windows'
[2020.10.11-00.59.22:139][  0]LogTargetPlatformManager: Display: Loaded TargetPlatform 'WindowsClient'
[2020.10.11-00.59.22:150][  0]LogTargetPlatformManager: Display: Loaded TargetPlatform 'WindowsServer'
[2020.10.11-00.59.22:150][  0]LogTargetPlatformManager: Display: Building Assets For Windows
[2020.10.11-00.59.22:165][  0]LogAudioDebug: Display: Lib vorbis DLL was dynamically loaded.
[2020.10.11-00.59.22:253][  0]LogShaderCompilers: Guid format shader working directory is -39 characters bigger than the processId version (../../../../../GameProgramming2/Unreal Natural selection simulation/NaturalSelection/Intermediate/Shaders/WorkingDirectory/13760/).
[2020.10.11-00.59.22:254][  0]LogShaderCompilers: Cleaned the shader compiler working directory 'C:/Users/balaj/AppData/Local/Temp/UnrealShaderWorkingDir/57BA027A47676DC68C8CBFB18292B03B/'.
[2020.10.11-00.59.22:254][  0]LogXGEController: Cleaning working directory: C:/Users/balaj/AppData/Local/Temp/UnrealXGEWorkingDir/
[2020.10.11-00.59.22:255][  0]LogXGEController: Cannot use XGE Controller as Incredibuild is not installed on this machine.
[2020.10.11-00.59.22:255][  0]LogShaderCompilers: Cannot use XGE Shader Compiler as Incredibuild is not installed on this machine.
[2020.10.11-00.59.22:255][  0]LogShaderCompilers: Display: Using Local Shader Compiler.
[2020.10.11-00.59.24:275][  0]LogDerivedDataCache: Display: Max Cache Size: 512 MB
[2020.10.11-00.59.24:365][  0]LogDerivedDataCache: Loaded boot cache 0.09s 79MB C:/Users/balaj/AppData/Local/UnrealEngine/4.25/DerivedDataCache/Boot.ddc.
[2020.10.11-00.59.24:365][  0]LogDerivedDataCache: Display: Loaded Boot cache: C:/Users/balaj/AppData/Local/UnrealEngine/4.25/DerivedDataCache/Boot.ddc
[2020.10.11-00.59.24:365][  0]LogDerivedDataCache: FDerivedDataBackendGraph:  Pak pak cache file ../../../../../GameProgramming2/Unreal Natural selection simulation/NaturalSelection/DerivedDataCache/DDC.ddp not found, will not use a pak cache.
[2020.10.11-00.59.24:365][  0]LogDerivedDataCache: Unable to find inner node Pak for hierarchical cache Hierarchy.
[2020.10.11-00.59.24:365][  0]LogDerivedDataCache: FDerivedDataBackendGraph:  CompressedPak pak cache file ../../../../../GameProgramming2/Unreal Natural selection simulation/NaturalSelection/DerivedDataCache/Compressed.ddp not found, will not use a pak cache.
[2020.10.11-00.59.24:365][  0]LogDerivedDataCache: Unable to find inner node CompressedPak for hierarchical cache Hierarchy.
[2020.10.11-00.59.24:374][  0]LogDerivedDataCache: Display: Pak cache opened for reading ../../../Engine/DerivedDataCache/Compressed.ddp.
[2020.10.11-00.59.24:375][  0]LogDerivedDataCache: FDerivedDataBackendGraph:  EnterprisePak pak cache file ../../../Enterprise/DerivedDataCache/Compressed.ddp not found, will not use a pak cache.
[2020.10.11-00.59.24:375][  0]LogDerivedDataCache: Unable to find inner node EnterprisePak for hierarchical cache Hierarchy.
[2020.10.11-00.59.24:377][  0]LogDerivedDataCache: Using Local data cache path C:/Users/balaj/AppData/Local/UnrealEngine/Common/DerivedDataCache: Writable
[2020.10.11-00.59.24:377][  0]LogDerivedDataCache: Shared data cache path not found in *engine.ini, will not use an Shared cache.
[2020.10.11-00.59.24:377][  0]LogDerivedDataCache: Unable to find inner node Shared for hierarchical cache Hierarchy.
[2020.10.11-00.59.24:419][  0]LogSlate: Using FreeType 2.10.0
[2020.10.11-00.59.24:436][  0]LogSlate: SlateFontServices - WITH_FREETYPE: 1, WITH_HARFBUZZ: 1
[2020.10.11-00.59.24:682][  0]LogAssetRegistry: FAssetRegistry took 0.0044 seconds to start up
[2020.10.11-00.59.24:881][  0]LogInit: Selected Device Profile: [Windows]
[2020.10.11-00.59.24:991][  0]LogMeshReduction: Using QuadricMeshReduction for automatic static mesh reduction
[2020.10.11-00.59.24:991][  0]LogMeshReduction: Using SimplygonMeshReduction for automatic skeletal mesh reduction
[2020.10.11-00.59.24:991][  0]LogMeshReduction: Using ProxyLODMeshReduction for automatic mesh merging
[2020.10.11-00.59.24:991][  0]LogMeshReduction: No distributed automatic mesh merging module available
[2020.10.11-00.59.24:991][  0]LogMeshMerging: No distributed automatic mesh merging module available
[2020.10.11-00.59.25:008][  0]LogNetVersion: NaturalSelection 1.0.0, NetCL: 13144385, EngineNetVer: 14, GameNetVer: 0 (Checksum: 2881049686)
[2020.10.11-00.59.26:021][  0]LogAISub: UAISubsystem::UAISubsystem AISubsystem (000001DE9C4529C0), frame # 0
[2020.10.11-00.59.26:021][  0]LogAISub: UAISubsystem::UAISubsystem AIPerceptionSystem (000001DE9C2BFD80), frame # 0
[2020.10.11-00.59.26:023][  0]LogAISub: UAISubsystem::UAISubsystem EnvQueryManager (000001DE9C44A800), frame # 0
[2020.10.11-00.59.26:062][  0]LogPackageLocalizationCache: Processed 19 localized package path(s) for 1 prioritized culture(s) in 0.034380 seconds
[2020.10.11-00.59.26:068][  0]LogUObjectArray: 15917 objects as part of root set at end of initial load.
[2020.10.11-00.59.26:068][  0]LogUObjectAllocator: 3965568 out of 0 bytes used by permanent object pool.
[2020.10.11-00.59.26:068][  0]LogUObjectArray: CloseDisregardForGC: 0/0 objects in disregard for GC pool
[2020.10.11-00.59.26:511][  0]LogTcpMessaging: Initializing TcpMessaging bridge
[2020.10.11-00.59.26:517][  0]LogUdpMessaging: Initializing bridge on interface 0.0.0.0:0 to multicast group 230.0.0.1:6666.
[2020.10.11-00.59.26:685][  0]SourceControl: Source control is disabled
[2020.10.11-00.59.26:685][  0]SourceControl: Source control is disabled
[2020.10.11-00.59.26:691][  0]SourceControl: Source control is disabled
[2020.10.11-00.59.26:695][  0]SourceControl: Source control is disabled
[2020.10.11-00.59.26:706][  0]SourceControl: Source control is disabled
[2020.10.11-00.59.27:050][  0]LogAndroidPermission: UAndroidPermissionCallbackProxy::GetInstance
[2020.10.11-00.59.27:080][  0]LogAudioCaptureCore: Display: No Audio Capture implementations found. Audio input will be silent.
[2020.10.11-00.59.27:081][  0]LogAudioCaptureCore: Display: No Audio Capture implementations found. Audio input will be silent.
[2020.10.11-00.59.27:142][  0]LogOcInput: OculusInput pre-init called
[2020.10.11-00.59.27:340][  0]LogEngine: Initializing Engine...
[2020.10.11-00.59.27:341][  0]LogHMD: Failed to initialize OpenVR with code 110
[2020.10.11-00.59.27:341][  0]LogMagicLeap: Warning: VR disabled because ZI is not enabled.  To enable, in the editor, Edit -> Project Settings -> Plugins -> Magic Leap Plugin -> Enable Zero Iteration
[2020.10.11-00.59.27:342][  0]LogStats: UGameplayTagsManager::InitializeManager -  0.000 s
[2020.10.11-00.59.27:436][  0]LogInit: Initializing FReadOnlyCVARCache
[2020.10.11-00.59.27:448][  0]LogAIModule: Creating AISystem for world Untitled
[2020.10.11-00.59.27:448][  0]LogAISub: UAISubsystem::UAISubsystem EnvQueryManager (000001DEA5251600), frame # 0
[2020.10.11-00.59.27:448][  0]LogAISub: UAISubsystem::UAISubsystem AIPerceptionSystem (000001DEA5299440), frame # 0
[2020.10.11-00.59.27:465][  0]LogAudioMixer: Display: Audio Mixer Platform Settings:
[2020.10.11-00.59.27:465][  0]LogAudioMixer: Display: 	Sample Rate:						  48000
[2020.10.11-00.59.27:465][  0]LogAudioMixer: Display: 	Callback Buffer Frame Size Requested: 1024
[2020.10.11-00.59.27:465][  0]LogAudioMixer: Display: 	Callback Buffer Frame Size To Use:	  1024
[2020.10.11-00.59.27:465][  0]LogAudioMixer: Display: 	Number of buffers to queue:			  2
[2020.10.11-00.59.27:465][  0]LogAudioMixer: Display: 	Max Channels (voices):				  32
[2020.10.11-00.59.27:465][  0]LogAudioMixer: Display: 	Number of Async Source Workers:		  0
[2020.10.11-00.59.27:465][  0]LogAudio: Display: AudioDevice MaxSources: 32
[2020.10.11-00.59.27:466][  0]LogAudio: Display: Using built-in audio occlusion.
[2020.10.11-00.59.27:466][  0]LogAudioMixer: Display: Initializing audio mixer.
[2020.10.11-00.59.27:567][  0]LogAudioMixer: Display: 0: FrontLeft
[2020.10.11-00.59.27:567][  0]LogAudioMixer: Display: 1: FrontRight
[2020.10.11-00.59.27:614][  0]LogAudioMixer: Display: Using Audio Device Headset Earphone (HyperX Virtual Surround Sound)
[2020.10.11-00.59.27:621][  0]LogAudioMixer: Display: Initializing Sound Submixes...
[2020.10.11-00.59.27:623][  0]LogAudioMixer: Display: Creating Master Submix 'MasterSubmixDefault'
[2020.10.11-00.59.27:623][  0]LogAudioMixer: Display: Creating Master Submix 'MasterReverbSubmixDefault'
[2020.10.11-00.59.27:624][  0]LogAudioMixer: Display: Creating Master Submix 'MasterEQSubmixDefault'
[2020.10.11-00.59.27:626][  0]LogInit: FAudioDevice initialized.
[2020.10.11-00.59.27:627][  0]LogNetVersion: Set ProjectVersion to 1.0.0.0. Version Checksum will be recalculated on next use.
[2020.10.11-00.59.27:678][  0]LogDerivedDataCache: Saved boot cache 0.05s 79MB C:/Users/balaj/AppData/Local/UnrealEngine/4.25/DerivedDataCache/Boot.ddc.
[2020.10.11-00.59.27:683][  0]LogInit: Texture streaming: Enabled
[2020.10.11-00.59.27:705][  0]LogEngineSessionManager: EngineSessionManager initialized
[2020.10.11-00.59.27:705][  0]LogEditorSessionSummary: Verbose: Initializing EditorSessionSummaryWriter for editor session tracking
[2020.10.11-00.59.27:707][  0]LogEditorSessionSummary: EditorSessionSummaryWriter initialized
[2020.10.11-00.59.27:760][  0]LogInit: Transaction tracking system initialized
[2020.10.11-00.59.27:796][  0]BlueprintLog: New page: Editor Load
[2020.10.11-00.59.27:907][  0]LocalizationService: Localization service is disabled
[2020.10.11-00.59.28:098][  0]LogFileCache: Scanning file cache for directory 'E:/GameProgramming2/Unreal Natural selection simulation/NaturalSelection/Content/' took 0.00s
[2020.10.11-00.59.28:098][  0]LogCook: Display: Max memory allowance for cook 16384mb min free memory 0mb
[2020.10.11-00.59.28:098][  0]LogCook: Display: Mobile HDR setting 1
[2020.10.11-00.59.28:418][  0]SourceControl: Source control is disabled
[2020.10.11-00.59.28:418][  0]LogUnrealEdMisc: Loading editor; pre map load, took 12.013
[2020.10.11-00.59.28:418][  0]Cmd: MAP LOAD FILE="../../../Engine/Content/Maps/Templates/Template_Default.umap" TEMPLATE=1 SHOWPROGRESS=1 FEATURELEVEL=3
[2020.10.11-00.59.28:419][  0]LightingResults: New page: Lighting Build
[2020.10.11-00.59.28:420][  0]LogWorld: UWorld::CleanupWorld for Untitled, bSessionEnded=true, bCleanupResources=true
[2020.10.11-00.59.28:420][  0]LogSlate: InvalidateAllWidgets triggered.  All widgets were invalidated
[2020.10.11-00.59.28:420][  0]MapCheck: New page: Map Check
[2020.10.11-00.59.28:420][  0]LightingResults: New page: Lighting Build
[2020.10.11-00.59.28:440][  0]LogAISub: UAISubsystem::~UAISubsystem EnvQueryManager (000001DEA5251600), frame # 0
[2020.10.11-00.59.28:440][  0]LogAISub: UAISubsystem::~UAISubsystem AIPerceptionSystem (000001DEA5299440), frame # 0
[2020.10.11-00.59.28:441][  0]LogUObjectHash: Compacting FUObjectHashTables data took   0.63ms
[2020.10.11-00.59.28:493][  0]LogAIModule: Creating AISystem for world Untitled_1
[2020.10.11-00.59.28:493][  0]LogAISub: UAISubsystem::UAISubsystem EnvQueryManager (000001DEA5583E00), frame # 0
[2020.10.11-00.59.28:493][  0]LogAISub: UAISubsystem::UAISubsystem AIPerceptionSystem (000001DEA5694900), frame # 0
[2020.10.11-00.59.28:500][  0]LogEditorServer: Finished looking for orphan Actors (0.000 secs)
[2020.10.11-00.59.28:511][  0]LogUObjectHash: Compacting FUObjectHashTables data took   0.70ms
[2020.10.11-00.59.28:511][  0]Cmd: MAP CHECKDEP NOCLEARLOG
[2020.10.11-00.59.28:512][  0]MapCheck: Map check complete: 0 Error(s), 0 Warning(s), took 0.129ms to complete.
[2020.10.11-00.59.28:512][  0]LogFileHelpers: Loading map 'Template_Default' took 0.093
[2020.10.11-00.59.28:514][  0]LogUnrealEdMisc: Total Editor Startup Time, took 12.108
[2020.10.11-00.59.28:636][  0]LogSlate: Updating window title bar state: overlay mode, drag disabled, window buttons hidden, title bar hidden
[2020.10.11-00.59.28:643][  0]LogSlate: Updating window title bar state: overlay mode, drag disabled, window buttons hidden, title bar hidden
[2020.10.11-00.59.28:648][  0]LogSlate: Updating window title bar state: overlay mode, drag disabled, window buttons hidden, title bar hidden
[2020.10.11-00.59.28:654][  0]LogSlate: Updating window title bar state: overlay mode, drag disabled, window buttons hidden, title bar hidden
[2020.10.11-00.59.28:664][  0]LogCollectionManager: Loaded 0 collections in 0.000686 seconds
[2020.10.11-00.59.28:682][  0]LogFileCache: Scanning file cache for directory 'E:/GameProgramming2/Unreal Natural selection simulation/NaturalSelection/Saved/Collections/' took 0.00s
[2020.10.11-00.59.28:682][  0]LogFileCache: Scanning file cache for directory 'E:/GameProgramming2/Unreal Natural selection simulation/NaturalSelection/Content/Developers/balaj/Collections/' took 0.00s
[2020.10.11-00.59.28:682][  0]LogFileCache: Scanning file cache for directory 'E:/GameProgramming2/Unreal Natural selection simulation/NaturalSelection/Content/Collections/' took 0.00s
[2020.10.11-00.59.28:683][  0]LogContentBrowser: Native class hierarchy populated in 0.0092 seconds. Added 3429 classes and 824 folders.
[2020.10.11-00.59.28:686][  0]LogContentBrowser: Native class hierarchy updated for 'WidgetCarousel' in 0.0003 seconds. Added 0 classes and 0 folders.
[2020.10.11-00.59.28:753][  0]LogContentBrowser: Native class hierarchy updated for 'AddContentDialog' in 0.0003 seconds. Added 0 classes and 0 folders.
[2020.10.11-00.59.28:754][  0]LogContentBrowser: Native class hierarchy updated for 'SceneOutliner' in 0.0003 seconds. Added 2 classes and 0 folders.
[2020.10.11-00.59.28:764][  0]LogContentBrowser: Native class hierarchy updated for 'WorldBrowser' in 0.0004 seconds. Added 2 classes and 3 folders.
[2020.10.11-00.59.28:864][  0]LogSlate: Took 0.000680 seconds to synchronously load lazily loaded font '../../../Engine/Content/Slate/Fonts/Roboto-Regular.ttf' (155K)
[2020.10.11-00.59.28:866][  0]LogSlate: Took 0.000495 seconds to synchronously load lazily loaded font '../../../Engine/Content/Slate/Fonts/Roboto-Bold.ttf' (160K)
[2020.10.11-00.59.28:871][  0]LogSlate: Took 0.000539 seconds to synchronously load lazily loaded font '../../../Engine/Content/Editor/Slate/Fonts/FontAwesome.ttf' (139K)
[2020.10.11-00.59.28:938][  0]LogRenderer: Reallocating scene render targets to support 1000x548 Format 10 NumSamples 1 (Frame:1).
[2020.10.11-00.59.28:976][  0]LogSlate: Took 0.000505 seconds to synchronously load lazily loaded font '../../../Engine/Content/Slate/Fonts/Roboto-Light.ttf' (167K)
[2020.10.11-00.59.29:020][  0]LogContentBrowser: Native class hierarchy updated for 'HierarchicalLODOutliner' in 0.0004 seconds. Added 0 classes and 0 folders.
[2020.10.11-00.59.29:021][  0]LogLoad: (Engine Initialization) Total time: 12.62 seconds
[2020.10.11-00.59.29:021][  0]LogLoad: (Engine Initialization) Total Blueprint compile time: 0.00 seconds
[2020.10.11-00.59.29:051][  0]LogAssetRegistry: Asset discovery search completed in 4.3715 seconds
[2020.10.11-00.59.29:054][  0]LogCollectionManager: Fixed up redirectors for 0 collections in 0.000002 seconds (updated 0 objects)
[2020.10.11-00.59.29:055][  0]LogContentStreaming: Texture pool size now 1000 MB
[2020.10.11-00.59.29:103][  1]LogRenderer: Reallocating scene render targets to support 1000x564 Format 10 NumSamples 1 (Frame:3).
[2020.10.11-00.59.33:285][493]LogSlate: Took 0.000135 seconds to synchronously load lazily loaded font '../../../Engine/Content/Slate/Fonts/Roboto-Light.ttf' (167K)
[2020.10.11-00.59.33:304][493]LogAssetEditorSubsystem: Opening Asset editor for Class /Script/NaturalSelection.Ch_Type1
[2020.10.11-00.59.33:486][493]LogVSAccessor: Warning: Couldn't open file 'E:/GameProgramming2/Unreal Natural selection simulation/NaturalSelection/Source/NaturalSelection/CharacterTypes/Ch_Type1.cpp'.
[2020.10.11-00.59.42:294][714]LogSlate: WidgetSwitcher ('None') active index changed to -1
[2020.10.11-00.59.42:294][714]LogSlate: WidgetSwitcher ('None') active index changed to 1
[2020.10.11-00.59.42:355][714]LogSlate: Took 0.000580 seconds to synchronously load lazily loaded font '../../../Engine/Content/Slate/Fonts/Roboto-BoldCondensed.ttf' (158K)
[2020.10.11-00.59.53:921][ 93]LogSlate: Took 0.002543 seconds to synchronously load lazily loaded font '../../../Engine/Content/Slate/Fonts/DroidSansMono.ttf' (77K)
[2020.10.11-01.00.12:233][254]LogAssetEditorSubsystem: Opening Asset editor for Blueprint /Game/Blueprint/Characters/MyCh_Type1_Bp.MyCh_Type1_Bp
[2020.10.11-01.00.12:680][254]LogContentBrowser: Native class hierarchy updated for 'BlueprintGraph' in 0.0007 seconds. Added 125 classes and 0 folders.
[2020.10.11-01.00.13:437][254]LogSlate: Window 'Add Blueprint Class' being destroyed
[2020.10.11-01.00.13:533][254]LogRenderer: Reallocating scene render targets to support 1032x712 Format 10 NumSamples 1 (Frame:1).
[2020.10.11-01.00.17:554][699]LogSlate: Took 0.000570 seconds to synchronously load lazily loaded font '../../../Engine/Content/Slate/Fonts/Roboto-Italic.ttf' (157K)
[2020.10.11-01.00.32:925][383]BlueprintLog: New page: Compile MyCh_Type1_Bp
[2020.10.11-01.00.32:984][383]LogUObjectHash: Compacting FUObjectHashTables data took   1.89ms
[2020.10.11-01.00.36:577][801]Cmd: MODE SCALEGRID=0
[2020.10.11-01.00.40:300][229]BlueprintLog: New page: Compile MyCh_Type1_Bp
[2020.10.11-01.00.40:329][229]LogUObjectHash: Compacting FUObjectHashTables data took   1.84ms
[2020.10.11-01.00.40:918][283]LogSavePackage: Moving '../../../../../GameProgramming2/Unreal Natural selection simulation/NaturalSelection/Saved/MyCh_Type1_BpE605330B47C48D229046E8A3ABAD1CDE.tmp' to '../../../../../GameProgramming2/Unreal Natural selection simulation/NaturalSelection/Content/Blueprint/Characters/MyCh_Type1_Bp.uasset'
[2020.10.11-01.00.40:932][283]AssetCheck: New page: Asset Save: MyCh_Type1_Bp
[2020.10.11-01.00.40:932][283]LogContentValidation: Display: Validating Blueprint /Game/Blueprint/Characters/MyCh_Type1_Bp.MyCh_Type1_Bp
[2020.10.11-01.00.44:266][621]LogTemp: Repeating last play command: Selected Viewport
[2020.10.11-01.00.44:282][621]LogPlayLevel: PlayLevel: No blueprints needed recompiling
[2020.10.11-01.00.44:282][621]PIE: New page: PIE session: Untitled_1 (Oct 10, 2020, 1:00:44 PM)
[2020.10.11-01.00.44:284][621]LogOnline: OSS: Creating online subsystem instance for: NULL
[2020.10.11-01.00.44:287][621]LogOnline: OSS: TryLoadSubsystemAndSetDefault: Loaded subsystem for module [NULL]
[2020.10.11-01.00.44:287][621]LogPlayLevel: Creating play world package: /Temp/UEDPIE_0_Untitled_1
[2020.10.11-01.00.44:289][621]LogPlayLevel: PIE: StaticDuplicateObject took: (0.002325s)
[2020.10.11-01.00.44:291][621]LogAIModule: Creating AISystem for world Untitled_1
[2020.10.11-01.00.44:291][621]LogAISub: UAISubsystem::UAISubsystem EnvQueryManager (000001DF193D0800), frame # 7621
[2020.10.11-01.00.44:291][621]LogAISub: UAISubsystem::UAISubsystem AIPerceptionSystem (000001DEDDE56200), frame # 7621
[2020.10.11-01.00.44:292][621]LogPlayLevel: PIE: World Init took: (0.002557s)
[2020.10.11-01.00.44:292][621]LogPlayLevel: PIE: Created PIE world by copying editor world from /Temp/Untitled_1.Untitled_1 to /Temp/UEDPIE_0_Untitled_1.Untitled_1 (0.005195s)
[2020.10.11-01.00.44:312][621]LogUObjectHash: Compacting FUObjectHashTables data took   1.83ms
[2020.10.11-01.00.44:314][621]LogAudioMixer: Display: Audio Mixer Platform Settings:
[2020.10.11-01.00.44:314][621]LogAudioMixer: Display: 	Sample Rate:						  48000
[2020.10.11-01.00.44:314][621]LogAudioMixer: Display: 	Callback Buffer Frame Size Requested: 1024
[2020.10.11-01.00.44:314][621]LogAudioMixer: Display: 	Callback Buffer Frame Size To Use:	  1024
[2020.10.11-01.00.44:314][621]LogAudioMixer: Display: 	Number of buffers to queue:			  2
[2020.10.11-01.00.44:314][621]LogAudioMixer: Display: 	Max Channels (voices):				  32
[2020.10.11-01.00.44:314][621]LogAudioMixer: Display: 	Number of Async Source Workers:		  0
[2020.10.11-01.00.44:314][621]LogAudio: Display: AudioDevice MaxSources: 32
[2020.10.11-01.00.44:315][621]LogAudio: Display: Using built-in audio occlusion.
[2020.10.11-01.00.44:315][621]LogAudioMixer: Display: Initializing audio mixer.
[2020.10.11-01.00.44:319][621]LogAudioMixer: Display: 0: FrontLeft
[2020.10.11-01.00.44:319][621]LogAudioMixer: Display: 1: FrontRight
[2020.10.11-01.00.44:351][621]LogAudioMixer: Display: Using Audio Device Headset Earphone (HyperX Virtual Surround Sound)
[2020.10.11-01.00.44:352][621]LogAudioMixer: Display: Initializing Sound Submixes...
[2020.10.11-01.00.44:352][621]LogAudioMixer: Display: Creating Master Submix 'MasterSubmixDefault'
[2020.10.11-01.00.44:352][621]LogAudioMixer: Display: Creating Master Submix 'MasterReverbSubmixDefault'
[2020.10.11-01.00.44:352][621]LogAudioMixer: Display: Creating Master Submix 'MasterEQSubmixDefault'
[2020.10.11-01.00.44:364][621]LogInit: FAudioDevice initialized.
[2020.10.11-01.00.44:380][621]LogLoad: Game class is 'GameModeBase'
[2020.10.11-01.00.44:381][621]LogWorld: Bringing World /Temp/UEDPIE_0_Untitled_1.Untitled_1 up for play (max tick rate 0) at 2020.10.10-19.00.44
[2020.10.11-01.00.44:393][621]LogWorld: Bringing up level for play took: 0.012096
[2020.10.11-01.00.44:393][621]LogOnline: OSS: Creating online subsystem instance for: :Context_5
[2020.10.11-01.00.44:398][621]LogContentBrowser: Native class hierarchy updated for 'MovieSceneCapture' in 0.0004 seconds. Added 20 classes and 0 folders.
[2020.10.11-01.00.44:399][621]PIE: Server logged in
[2020.10.11-01.00.44:401][621]PIE: Play in editor total start time 0.121 seconds.
[2020.10.11-01.00.49:083][104]LogSlate: Updating window title bar state: overlay mode, drag disabled, window buttons hidden, title bar hidden
[2020.10.11-01.00.49:083][104]LogWorld: BeginTearingDown for /Temp/UEDPIE_0_Untitled_1
[2020.10.11-01.00.49:083][104]LogWorld: UWorld::CleanupWorld for Untitled_1, bSessionEnded=true, bCleanupResources=true
[2020.10.11-01.00.49:083][104]LogSlate: InvalidateAllWidgets triggered.  All widgets were invalidated
[2020.10.11-01.00.49:096][104]LogPlayLevel: Display: Shutting down PIE online subsystems
[2020.10.11-01.00.49:099][104]LogSlate: InvalidateAllWidgets triggered.  All widgets were invalidated
[2020.10.11-01.00.49:141][104]LogSlate: Updating window title bar state: overlay mode, drag disabled, window buttons hidden, title bar hidden
[2020.10.11-01.00.49:142][104]LogAISub: UAISubsystem::~UAISubsystem AIPerceptionSystem (000001DEDDE56200), frame # 8104
[2020.10.11-01.00.49:142][104]LogAISub: UAISubsystem::~UAISubsystem EnvQueryManager (000001DF193D0800), frame # 8104
[2020.10.11-01.00.49:161][104]LogUObjectHash: Compacting FUObjectHashTables data took   2.88ms
[2020.10.11-01.00.49:213][105]LogPlayLevel: Display: Destroying online subsystem :Context_5
[2020.10.11-01.00.49:727][162]LogEditorViewport: Clicking on Actor (LMB): MyCh_Type1_Bp_C (MyCh_Type1_Bp)
[2020.10.11-01.00.50:279][215]LogEditorViewport: Clicking on Actor (LMB): StaticMeshActor (Floor)
[2020.10.11-01.00.55:175][666]LogEditorViewport: Clicking on Actor (LMB): StaticMeshActor (Floor)
[2020.10.11-01.00.58:758][ 32]LogEditorViewport: Clicking on Actor (LMB): MyCh_Type1_Bp_C (MyCh_Type1_Bp)
[2020.10.11-01.01.01:265][276]LogTemp: Repeating last play command: Selected Viewport
[2020.10.11-01.01.01:278][276]LogPlayLevel: PlayLevel: No blueprints needed recompiling
[2020.10.11-01.01.01:279][276]PIE: New page: PIE session: Untitled_1 (Oct 10, 2020, 1:01:01 PM)
[2020.10.11-01.01.01:279][276]LogPlayLevel: Creating play world package: /Temp/UEDPIE_0_Untitled_1
[2020.10.11-01.01.01:282][276]LogPlayLevel: PIE: StaticDuplicateObject took: (0.002721s)
[2020.10.11-01.01.01:283][276]LogAIModule: Creating AISystem for world Untitled_1
[2020.10.11-01.01.01:283][276]LogAISub: UAISubsystem::UAISubsystem EnvQueryManager (000001DF0C095800), frame # 9276
[2020.10.11-01.01.01:283][276]LogAISub: UAISubsystem::UAISubsystem AIPerceptionSystem (000001DED5B4AC00), frame # 9276
[2020.10.11-01.01.01:284][276]LogPlayLevel: PIE: World Init took: (0.001554s)
[2020.10.11-01.01.01:284][276]LogPlayLevel: PIE: Created PIE world by copying editor world from /Temp/Untitled_1.Untitled_1 to /Temp/UEDPIE_0_Untitled_1.Untitled_1 (0.004732s)
[2020.10.11-01.01.01:310][276]LogUObjectHash: Compacting FUObjectHashTables data took   2.85ms
[2020.10.11-01.01.01:313][276]LogAudioMixer: Display: Audio Mixer Platform Settings:
[2020.10.11-01.01.01:314][276]LogAudioMixer: Display: 	Sample Rate:						  48000
[2020.10.11-01.01.01:314][276]LogAudioMixer: Display: 	Callback Buffer Frame Size Requested: 1024
[2020.10.11-01.01.01:314][276]LogAudioMixer: Display: 	Callback Buffer Frame Size To Use:	  1024
[2020.10.11-01.01.01:314][276]LogAudioMixer: Display: 	Number of buffers to queue:			  2
[2020.10.11-01.01.01:314][276]LogAudioMixer: Display: 	Max Channels (voices):				  32
[2020.10.11-01.01.01:314][276]LogAudioMixer: Display: 	Number of Async Source Workers:		  0
[2020.10.11-01.01.01:314][276]LogAudio: Display: AudioDevice MaxSources: 32
[2020.10.11-01.01.01:315][276]LogAudio: Display: Using built-in audio occlusion.
[2020.10.11-01.01.01:315][276]LogAudioMixer: Display: Initializing audio mixer.
[2020.10.11-01.01.01:319][276]LogAudioMixer: Display: 0: FrontLeft
[2020.10.11-01.01.01:319][276]LogAudioMixer: Display: 1: FrontRight
[2020.10.11-01.01.01:352][276]LogAudioMixer: Display: Using Audio Device Headset Earphone (HyperX Virtual Surround Sound)
[2020.10.11-01.01.01:353][276]LogAudioMixer: Display: Initializing Sound Submixes...
[2020.10.11-01.01.01:353][276]LogAudioMixer: Display: Creating Master Submix 'MasterSubmixDefault'
[2020.10.11-01.01.01:353][276]LogAudioMixer: Display: Creating Master Submix 'MasterReverbSubmixDefault'
[2020.10.11-01.01.01:353][276]LogAudioMixer: Display: Creating Master Submix 'MasterEQSubmixDefault'
[2020.10.11-01.01.01:366][276]LogInit: FAudioDevice initialized.
[2020.10.11-01.01.01:380][276]LogLoad: Game class is 'GameModeBase'
[2020.10.11-01.01.01:381][276]LogWorld: Bringing World /Temp/UEDPIE_0_Untitled_1.Untitled_1 up for play (max tick rate 0) at 2020.10.10-19.01.01
[2020.10.11-01.01.01:382][276]LogWorld: Bringing up level for play took: 0.000690
[2020.10.11-01.01.01:382][276]LogOnline: OSS: Creating online subsystem instance for: :Context_6
[2020.10.11-01.01.01:385][276]PIE: Server logged in
[2020.10.11-01.01.01:386][276]PIE: Play in editor total start time 0.108 seconds.
[2020.10.11-01.01.04:015][566]LogSlate: Updating window title bar state: overlay mode, drag disabled, window buttons hidden, title bar hidden
[2020.10.11-01.01.04:015][566]LogWorld: BeginTearingDown for /Temp/UEDPIE_0_Untitled_1
[2020.10.11-01.01.04:015][566]LogWorld: UWorld::CleanupWorld for Untitled_1, bSessionEnded=true, bCleanupResources=true
[2020.10.11-01.01.04:016][566]LogSlate: InvalidateAllWidgets triggered.  All widgets were invalidated
[2020.10.11-01.01.04:028][566]LogPlayLevel: Display: Shutting down PIE online subsystems
[2020.10.11-01.01.04:032][566]LogSlate: InvalidateAllWidgets triggered.  All widgets were invalidated
[2020.10.11-01.01.04:070][566]LogSlate: Updating window title bar state: overlay mode, drag disabled, window buttons hidden, title bar hidden
[2020.10.11-01.01.04:071][566]LogAISub: UAISubsystem::~UAISubsystem AIPerceptionSystem (000001DED5B4AC00), frame # 9566
[2020.10.11-01.01.04:071][566]LogAISub: UAISubsystem::~UAISubsystem EnvQueryManager (000001DF0C095800), frame # 9566
[2020.10.11-01.01.04:073][566]LogUObjectHash: Compacting FUObjectHashTables data took   2.06ms
[2020.10.11-01.01.04:124][567]LogPlayLevel: Display: Destroying online subsystem :Context_6
[2020.10.11-01.01.20:347][439]Cmd: MODE ROTGRID=0
[2020.10.11-01.01.22:597][698]Cmd: MODE GRID=0
[2020.10.11-01.01.27:977][320]BlueprintLog: New page: Compile MyCh_Type1_Bp
[2020.10.11-01.01.28:010][320]LogUObjectHash: Compacting FUObjectHashTables data took   2.22ms
[2020.10.11-01.01.28:498][360]LogSavePackage: Moving '../../../../../GameProgramming2/Unreal Natural selection simulation/NaturalSelection/Saved/MyCh_Type1_BpC4633C82413256B0B668D785C3584CA9.tmp' to '../../../../../GameProgramming2/Unreal Natural selection simulation/NaturalSelection/Content/Blueprint/Characters/MyCh_Type1_Bp.uasset'
[2020.10.11-01.01.28:510][360]AssetCheck: New page: Asset Save: MyCh_Type1_Bp
[2020.10.11-01.01.28:510][360]LogContentValidation: Display: Validating Blueprint /Game/Blueprint/Characters/MyCh_Type1_Bp.MyCh_Type1_Bp
[2020.10.11-01.01.29:927][503]LogTemp: Repeating last play command: Selected Viewport
[2020.10.11-01.01.29:939][503]LogPlayLevel: PlayLevel: No blueprints needed recompiling
[2020.10.11-01.01.29:939][503]PIE: New page: PIE session: Untitled_1 (Oct 10, 2020, 1:01:29 PM)
[2020.10.11-01.01.29:968][503]LogPlayLevel: Creating play world package: /Temp/UEDPIE_0_Untitled_1
[2020.10.11-01.01.29:970][503]LogPlayLevel: PIE: StaticDuplicateObject took: (0.001960s)
[2020.10.11-01.01.29:971][503]LogAIModule: Creating AISystem for world Untitled_1
[2020.10.11-01.01.29:971][503]LogAISub: UAISubsystem::UAISubsystem EnvQueryManager (000001DED5EDDE00), frame # 12503
[2020.10.11-01.01.29:971][503]LogAISub: UAISubsystem::UAISubsystem AIPerceptionSystem (000001DEC8A66340), frame # 12503
[2020.10.11-01.01.29:971][503]LogPlayLevel: PIE: World Init took: (0.001169s)
[2020.10.11-01.01.29:971][503]LogPlayLevel: PIE: Created PIE world by copying editor world from /Temp/Untitled_1.Untitled_1 to /Temp/UEDPIE_0_Untitled_1.Untitled_1 (0.003445s)
[2020.10.11-01.01.29:992][503]LogUObjectHash: Compacting FUObjectHashTables data took   2.47ms
[2020.10.11-01.01.29:995][503]LogAudioMixer: Display: Audio Mixer Platform Settings:
[2020.10.11-01.01.29:995][503]LogAudioMixer: Display: 	Sample Rate:						  48000
[2020.10.11-01.01.29:995][503]LogAudioMixer: Display: 	Callback Buffer Frame Size Requested: 1024
[2020.10.11-01.01.29:995][503]LogAudioMixer: Display: 	Callback Buffer Frame Size To Use:	  1024
[2020.10.11-01.01.29:995][503]LogAudioMixer: Display: 	Number of buffers to queue:			  2
[2020.10.11-01.01.29:995][503]LogAudioMixer: Display: 	Max Channels (voices):				  32
[2020.10.11-01.01.29:995][503]LogAudioMixer: Display: 	Number of Async Source Workers:		  0
[2020.10.11-01.01.29:995][503]LogAudio: Display: AudioDevice MaxSources: 32
[2020.10.11-01.01.29:996][503]LogAudio: Display: Using built-in audio occlusion.
[2020.10.11-01.01.29:996][503]LogAudioMixer: Display: Initializing audio mixer.
[2020.10.11-01.01.30:000][503]LogAudioMixer: Display: 0: FrontLeft
[2020.10.11-01.01.30:000][503]LogAudioMixer: Display: 1: FrontRight
[2020.10.11-01.01.30:029][503]LogAudioMixer: Display: Using Audio Device Headset Earphone (HyperX Virtual Surround Sound)
[2020.10.11-01.01.30:029][503]LogAudioMixer: Display: Initializing Sound Submixes...
[2020.10.11-01.01.30:030][503]LogAudioMixer: Display: Creating Master Submix 'MasterSubmixDefault'
[2020.10.11-01.01.30:030][503]LogAudioMixer: Display: Creating Master Submix 'MasterReverbSubmixDefault'
[2020.10.11-01.01.30:030][503]LogAudioMixer: Display: Creating Master Submix 'MasterEQSubmixDefault'
[2020.10.11-01.01.30:042][503]LogInit: FAudioDevice initialized.
[2020.10.11-01.01.30:054][503]LogLoad: Game class is 'GameModeBase'
[2020.10.11-01.01.30:054][503]LogWorld: Bringing World /Temp/UEDPIE_0_Untitled_1.Untitled_1 up for play (max tick rate 0) at 2020.10.10-19.01.30
[2020.10.11-01.01.30:055][503]LogWorld: Bringing up level for play took: 0.000658
[2020.10.11-01.01.30:055][503]LogOnline: OSS: Creating online subsystem instance for: :Context_7
[2020.10.11-01.01.30:058][503]PIE: Server logged in
[2020.10.11-01.01.30:059][503]PIE: Play in editor total start time 0.121 seconds.
[2020.10.11-01.01.33:099][861]LogSlate: Updating window title bar state: overlay mode, drag disabled, window buttons hidden, title bar hidden
[2020.10.11-01.01.33:099][861]LogWorld: BeginTearingDown for /Temp/UEDPIE_0_Untitled_1
[2020.10.11-01.01.33:100][861]LogWorld: UWorld::CleanupWorld for Untitled_1, bSessionEnded=true, bCleanupResources=true
[2020.10.11-01.01.33:100][861]LogSlate: InvalidateAllWidgets triggered.  All widgets were invalidated
[2020.10.11-01.01.33:111][861]LogPlayLevel: Display: Shutting down PIE online subsystems
[2020.10.11-01.01.33:115][861]LogSlate: InvalidateAllWidgets triggered.  All widgets were invalidated
[2020.10.11-01.01.33:154][861]LogSlate: Updating window title bar state: overlay mode, drag disabled, window buttons hidden, title bar hidden
[2020.10.11-01.01.33:155][861]LogAISub: UAISubsystem::~UAISubsystem AIPerceptionSystem (000001DEC8A66340), frame # 12861
[2020.10.11-01.01.33:155][861]LogAISub: UAISubsystem::~UAISubsystem EnvQueryManager (000001DED5EDDE00), frame # 12861
[2020.10.11-01.01.33:157][861]LogUObjectHash: Compacting FUObjectHashTables data took   2.07ms
[2020.10.11-01.01.33:210][862]LogPlayLevel: Display: Destroying online subsystem :Context_7
[2020.10.11-01.07.38:650][417]LogSlate: WidgetSwitcher ('None') active index changed to -1
[2020.10.11-01.07.38:650][417]LogSlate: WidgetSwitcher ('None') active index changed to 0
[2020.10.11-01.07.40:587][606]LogSlate: WidgetSwitcher ('None') active index changed to 1
[2020.10.11-01.08.03:155][134]Running E:/UnrealEngine/UE_4.25/Engine/Binaries/DotNET/UnrealBuildTool.exe  -projectfiles -project="E:/GameProgramming2/Unreal Natural selection simulation/NaturalSelection/NaturalSelection.uproject" -game -rocket -progress
[2020.10.11-01.08.03:462][134]Discovering modules, targets and source code for project...
[2020.10.11-01.08.04:267][134]Binding IntelliSense data...
[2020.10.11-01.08.05:996][134]Binding IntelliSense data... 100%
[2020.10.11-01.08.05:997][134]Writing project files...
[2020.10.11-01.08.08:719][134]Writing project files... 100%
[2020.10.11-01.08.08:866][134]Candidate modules for hot reload:
[2020.10.11-01.08.08:866][134]  NaturalSelection
[2020.10.11-01.08.08:866][134]Launching UnrealBuildTool... [E:/UnrealEngine/UE_4.25/Engine/Binaries/DotNET/UnrealBuildTool.exe  -ModuleWithSuffix=NaturalSelection,4650 NaturalSelectionEditor Win64 Development -Project="E:/GameProgramming2/Unreal Natural selection simulation/NaturalSelection/NaturalSelection.uproject" "E:/GameProgramming2/Unreal Natural selection simulation/NaturalSelection/NaturalSelection.uproject"  -IgnoreJunk]
[2020.10.11-01.08.21:250][134]CompilerResultsLog: New page: Compilation - Oct 10, 2020, 1:08:21 PM
[2020.10.11-01.08.21:250][134]CompilerResultsLog: Using 'git status' to determine working set for adaptive non-unity build (E:\GameProgramming2\Unreal Natural selection simulation).
[2020.10.11-01.08.21:250][134]CompilerResultsLog: Creating makefile for NaturalSelectionEditor (no existing makefile)
[2020.10.11-01.08.21:250][134]CompilerResultsLog: Parsing headers for NaturalSelectionEditor
[2020.10.11-01.08.21:250][134]CompilerResultsLog:   Running UnrealHeaderTool "E:\GameProgramming2\Unreal Natural selection simulation\NaturalSelection\NaturalSelection.uproject" "E:\GameProgramming2\Unreal Natural selection simulation\NaturalSelection\Intermediate\Build\Win64\NaturalSelectionEditor\Development\NaturalSelectionEditor.uhtmanifest" -LogCmds="loginit warning, logexit warning, logdatabase error" -Unattended -WarningsAsErrors -abslog="C:\Users\balaj\AppData\Local\UnrealBuildTool\Log_UHT.txt" -installed
[2020.10.11-01.08.21:250][134]CompilerResultsLog: Reflection code generated for NaturalSelectionEditor in 4.8090224 seconds
[2020.10.11-01.08.21:250][134]CompilerResultsLog: Building NaturalSelectionEditor...
[2020.10.11-01.08.21:250][134]CompilerResultsLog: Using Visual Studio 2019 14.26.28806 toolchain (C:\Program Files (x86)\Microsoft Visual Studio\2019\Community\VC\Tools\MSVC\14.26.28801) and Windows 10.0.18362.0 SDK (C:\Program Files (x86)\Windows Kits\10).
[2020.10.11-01.08.21:250][134]CompilerResultsLog: Building 6 actions with 16 processes...
[2020.10.11-01.08.21:250][134]CompilerResultsLog:   [1/6] NaturalSelection.init.gen.cpp
[2020.10.11-01.08.21:251][134]CompilerResultsLog:   [2/6] Food_type1.cpp
[2020.10.11-01.08.21:251][134]CompilerResultsLog:   [3/6] Food_type1.gen.cpp
[2020.10.11-01.08.21:251][134]CompilerResultsLog:   [4/6] UE4Editor-NaturalSelection-4650.lib
[2020.10.11-01.08.21:251][134]CompilerResultsLog:      Creating library E:\GameProgramming2\Unreal Natural selection simulation\NaturalSelection\Intermediate\Build\Win64\UE4Editor\Development\NaturalSelection\UE4Editor-NaturalSelection-4650.lib and object E:\GameProgramming2\Unreal Natural selection simulation\NaturalSelection\Intermediate\Build\Win64\UE4Editor\Development\NaturalSelection\UE4Editor-NaturalSelection-4650.exp
[2020.10.11-01.08.21:251][134]CompilerResultsLog:   [5/6] UE4Editor-NaturalSelection-4650.dll
[2020.10.11-01.08.21:251][134]CompilerResultsLog:      Creating library E:\GameProgramming2\Unreal Natural selection simulation\NaturalSelection\Intermediate\Build\Win64\UE4Editor\Development\NaturalSelection\UE4Editor-NaturalSelection-4650.suppressed.lib and object E:\GameProgramming2\Unreal Natural selection simulation\NaturalSelection\Intermediate\Build\Win64\UE4Editor\Development\NaturalSelection\UE4Editor-NaturalSelection-4650.suppressed.exp
[2020.10.11-01.08.21:251][134]CompilerResultsLog:   [6/6] NaturalSelectionEditor.target
[2020.10.11-01.08.21:251][134]CompilerResultsLog: Total time in Parallel executor: 6.02 seconds
[2020.10.11-01.08.21:251][134]CompilerResultsLog: Total execution time: 12.30 seconds
[2020.10.11-01.08.21:251][134]LogMainFrame: MainFrame: Module compiling took 12.389 seconds
[2020.10.11-01.08.21:285][134]LogClass: Could not find existing class Food_type1 in package /Script/NaturalSelection for HotReload, assuming new class
[2020.10.11-01.08.21:291][134]LogContentBrowser: Native class hierarchy updated for 'NaturalSelection' in 0.0004 seconds. Added 3 classes and 4 folders.
[2020.10.11-01.08.21:296][134]Display: HotReload successful (0 functions remapped  0 scriptstructs remapped)
[2020.10.11-01.08.21:373][134]LogContentBrowser: Native class hierarchy populated in 0.0093 seconds. Added 3432 classes and 828 folders.
[2020.10.11-01.08.21:374][134]Display: HotReload took 12.6s.
[2020.10.11-01.08.21:377][134]Warning: HotReload operation took 12.6s.
[2020.10.11-01.08.21:876][134]LogSlate: Window 'Add C++ Class' being destroyed
[2020.10.11-01.08.22:226][135]LogHotReload: New module detected: UE4Editor-NaturalSelection-4650.dll
[2020.10.11-01.08.22:249][136]LogHotReload: Starting Hot-Reload from IDE
[2020.10.11-01.08.22:290][136]LogContentBrowser: Native class hierarchy updated for 'NaturalSelection' in 0.0004 seconds. Added 3 classes and 4 folders.
[2020.10.11-01.08.22:296][136]Display: HotReload successful (0 functions remapped  0 scriptstructs remapped)
[2020.10.11-01.08.22:313][136]LogContentBrowser: Native class hierarchy populated in 0.0100 seconds. Added 3432 classes and 828 folders.
[2020.10.11-01.08.22:317][136]Display: HotReload took  0.1s.
